<?xml version="1.0" encoding="UTF-8" standalone="yes"?><!DOCTYPE report PUBLIC "-//JACOCO//DTD Report 1.1//EN" "report.dtd"><report name="Dependency-Check Maven Plugin"><sessioninfo id="localhost-51337e4a" start="1583847147902" dump="1583847149700"/><sessioninfo id="localhost-9f90f97f" start="1583847151949" dump="1583847209810"/><sessioninfo id="localhost-a1b44ecb" start="1583847209973" dump="1583847242100"/><sessioninfo id="localhost-838ff2ca" start="1583847242758" dump="1583847260079"/><sessioninfo id="localhost-d0178550" start="1583847260248" dump="1583847276894"/><sessioninfo id="localhost-2942cd4" start="1583847277130" dump="1583847295738"/><sessioninfo id="localhost-b3e03036" start="1583847295927" dump="1583847317536"/><sessioninfo id="localhost-24413727" start="1583847317778" dump="1583847333181"/><sessioninfo id="localhost-8ce29f8f" start="1583847333400" dump="1583847342073"/><sessioninfo id="localhost-742718e4" start="1583847342224" dump="1583847357970"/><sessioninfo id="localhost-d995ae53" start="1583847358175" dump="1583847382932"/><sessioninfo id="localhost-24c3b6d0" start="1583847383111" dump="1583847401738"/><sessioninfo id="localhost-d7c40f5e" start="1583847401939" dump="1583847427120"/><sessioninfo id="localhost-90606762" start="1583847427500" dump="1583847443532"/><sessioninfo id="localhost-47ce47db" start="1583847443727" dump="1583847463580"/><sessioninfo id="localhost-50a554d9" start="1583847463765" dump="1583847487055"/><sessioninfo id="localhost-448c779b" start="1583847152037" dump="1583848115638"/><sessioninfo id="localhost-ce1c63a5" start="1583848115806" dump="1583848138212"/><sessioninfo id="localhost-ca22b313" start="1583847151986" dump="1583848148311"/><sessioninfo id="localhost-813f8ad0" start="1583847152014" dump="1583848991433"/><package name="org/owasp/dependencycheck/maven"><class name="org/owasp/dependencycheck/maven/ArtifactScopeExcluded" sourcefilename="ArtifactScopeExcluded.java"><method name="&lt;init&gt;" desc="(ZZZZ)V" line="60"><counter type="INSTRUCTION" missed="0" covered="15"/><counter type="LINE" missed="0" covered="6"/><counter type="COMPLEXITY" missed="0" covered="1"/><counter type="METHOD" missed="0" covered="1"/></method><method name="passes" desc="(Ljava/lang/String;)Z" line="77"><counter type="INSTRUCTION" missed="12" covered="38"/><counter type="BRANCH" missed="8" covered="14"/><counter type="LINE" missed="2" covered="9"/><counter type="COMPLEXITY" missed="6" covered="6"/><counter type="METHOD" missed="0" covered="1"/></method><counter type="INSTRUCTION" missed="12" covered="53"/><counter type="BRANCH" missed="8" covered="14"/><counter type="LINE" missed="2" covered="15"/><counter type="COMPLEXITY" missed="6" covered="7"/><counter type="METHOD" missed="0" covered="2"/><counter type="CLASS" missed="0" covered="1"/></class><class name="org/owasp/dependencycheck/maven/CheckMojo" sourcefilename="CheckMojo.java"><method name="&lt;init&gt;" desc="()V" line="43"><counter type="INSTRUCTION" missed="0" covered="6"/><counter type="LINE" missed="0" covered="2"/><counter type="COMPLEXITY" missed="0" covered="1"/><counter type="METHOD" missed="0" covered="1"/></method><method name="canGenerateReport" desc="()Z" line="60"><counter type="INSTRUCTION" missed="1" covered="27"/><counter type="BRANCH" missed="2" covered="2"/><counter type="LINE" missed="1" covered="7"/><counter type="COMPLEXITY" missed="2" covered="1"/><counter type="METHOD" missed="0" covered="1"/></method><method name="getName" desc="(Ljava/util/Locale;)Ljava/lang/String;" line="79"><counter type="INSTRUCTION" missed="0" covered="3"/><counter type="LINE" missed="0" covered="1"/><counter type="COMPLEXITY" missed="0" covered="1"/><counter type="METHOD" missed="0" covered="1"/></method><method name="getDescription" desc="(Ljava/util/Locale;)Ljava/lang/String;" line="91"><counter type="INSTRUCTION" missed="0" covered="2"/><counter type="LINE" missed="0" covered="1"/><counter type="COMPLEXITY" missed="0" covered="1"/><counter type="METHOD" missed="0" covered="1"/></method><method name="scanDependencies" desc="(Lorg/owasp/dependencycheck/Engine;)Lorg/owasp/dependencycheck/exception/ExceptionCollection;" line="104"><counter type="INSTRUCTION" missed="0" covered="6"/><counter type="LINE" missed="0" covered="1"/><counter type="COMPLEXITY" missed="0" covered="1"/><counter type="METHOD" missed="0" covered="1"/></method><counter type="INSTRUCTION" missed="1" covered="44"/><counter type="BRANCH" missed="2" covered="2"/><counter type="LINE" missed="1" covered="12"/><counter type="COMPLEXITY" missed="2" covered="5"/><counter type="METHOD" missed="0" covered="5"/><counter type="CLASS" missed="0" covered="1"/></class><class name="org/owasp/dependencycheck/maven/AggregateMojo" sourcefilename="AggregateMojo.java"><method name="&lt;init&gt;" desc="()V" line="49"><counter type="INSTRUCTION" missed="0" covered="6"/><counter type="LINE" missed="0" covered="2"/><counter type="COMPLEXITY" missed="0" covered="1"/><counter type="METHOD" missed="0" covered="1"/></method><method name="scanDependencies" desc="(Lorg/owasp/dependencycheck/Engine;)Lorg/owasp/dependencycheck/exception/ExceptionCollection;" line="67"><counter type="INSTRUCTION" missed="47" covered="31"/><counter type="BRANCH" missed="9" covered="3"/><counter type="LINE" missed="11" covered="6"/><counter type="COMPLEXITY" missed="5" covered="2"/><counter type="METHOD" missed="0" covered="1"/></method><method name="getDescendants" desc="(Lorg/apache/maven/project/MavenProject;)Ljava/util/Set;" line="101"><counter type="INSTRUCTION" missed="54" covered="243"/><counter type="BRANCH" missed="14" covered="42"/><counter type="LINE" missed="9" covered="42"/><counter type="COMPLEXITY" missed="10" covered="19"/><counter type="METHOD" missed="0" covered="1"/></method><method name="isMultiModule" desc="(Lorg/apache/maven/project/MavenProject;)Z" line="179"><counter type="INSTRUCTION" missed="5" covered="0"/><counter type="LINE" missed="1" covered="0"/><counter type="COMPLEXITY" missed="1" covered="0"/><counter type="METHOD" missed="1" covered="0"/></method><method name="canGenerateReport" desc="()Z" line="184"><counter type="INSTRUCTION" missed="2" covered="0"/><counter type="LINE" missed="1" covered="0"/><counter type="COMPLEXITY" missed="1" covered="0"/><counter type="METHOD" missed="1" covered="0"/></method><method name="getName" desc="(Ljava/util/Locale;)Ljava/lang/String;" line="195"><counter type="INSTRUCTION" missed="3" covered="0"/><counter type="LINE" missed="1" covered="0"/><counter type="COMPLEXITY" missed="1" covered="0"/><counter type="METHOD" missed="1" covered="0"/></method><method name="getDescription" desc="(Ljava/util/Locale;)Ljava/lang/String;" line="207"><counter type="INSTRUCTION" missed="2" covered="0"/><counter type="LINE" missed="1" covered="0"/><counter type="COMPLEXITY" missed="1" covered="0"/><counter type="METHOD" missed="1" covered="0"/></method><counter type="INSTRUCTION" missed="113" covered="280"/><counter type="BRANCH" missed="23" covered="45"/><counter type="LINE" missed="24" covered="50"/><counter type="COMPLEXITY" missed="19" covered="22"/><counter type="METHOD" missed="4" covered="3"/><counter type="CLASS" missed="0" covered="1"/></class><class name="org/owasp/dependencycheck/maven/PurgeMojo" sourcefilename="PurgeMojo.java"><method name="&lt;init&gt;" desc="()V" line="43"><counter type="INSTRUCTION" missed="3" covered="0"/><counter type="LINE" missed="1" covered="0"/><counter type="COMPLEXITY" missed="1" covered="0"/><counter type="METHOD" missed="1" covered="0"/></method><method name="canGenerateReport" desc="()Z" line="52"><counter type="INSTRUCTION" missed="2" covered="0"/><counter type="LINE" missed="1" covered="0"/><counter type="COMPLEXITY" missed="1" covered="0"/><counter type="METHOD" missed="1" covered="0"/></method><method name="runCheck" desc="()V" line="65"><counter type="INSTRUCTION" missed="18" covered="0"/><counter type="LINE" missed="5" covered="0"/><counter type="COMPLEXITY" missed="1" covered="0"/><counter type="METHOD" missed="1" covered="0"/></method><method name="getName" desc="(Ljava/util/Locale;)Ljava/lang/String;" line="81"><counter type="INSTRUCTION" missed="2" covered="0"/><counter type="LINE" missed="1" covered="0"/><counter type="COMPLEXITY" missed="1" covered="0"/><counter type="METHOD" missed="1" covered="0"/></method><method name="getDescription" desc="(Ljava/util/Locale;)Ljava/lang/String;" line="93"><counter type="INSTRUCTION" missed="2" covered="0"/><counter type="LINE" missed="1" covered="0"/><counter type="COMPLEXITY" missed="1" covered="0"/><counter type="METHOD" missed="1" covered="0"/></method><method name="scanDependencies" desc="(Lorg/owasp/dependencycheck/Engine;)Lorg/owasp/dependencycheck/exception/ExceptionCollection;" line="105"><counter type="INSTRUCTION" missed="5" covered="0"/><counter type="LINE" missed="1" covered="0"/><counter type="COMPLEXITY" missed="1" covered="0"/><counter type="METHOD" missed="1" covered="0"/></method><counter type="INSTRUCTION" missed="32" covered="0"/><counter type="LINE" missed="10" covered="0"/><counter type="COMPLEXITY" missed="6" covered="0"/><counter type="METHOD" missed="6" covered="0"/><counter type="CLASS" missed="1" covered="0"/></class><class name="org/owasp/dependencycheck/maven/HelpMojo" sourcefilename="HelpMojo.java"><method name="&lt;init&gt;" desc="()V" line="29"><counter type="INSTRUCTION" missed="3" covered="0"/><counter type="LINE" missed="1" covered="0"/><counter type="COMPLEXITY" missed="1" covered="0"/><counter type="METHOD" missed="1" covered="0"/></method><method name="build" desc="()Lorg/w3c/dom/Document;" line="69"><counter type="INSTRUCTION" missed="59" covered="0"/><counter type="BRANCH" missed="2" covered="0"/><counter type="LINE" missed="17" covered="0"/><counter type="COMPLEXITY" missed="2" covered="0"/><counter type="METHOD" missed="1" covered="0"/></method><method name="execute" desc="()V" line="112"><counter type="INSTRUCTION" missed="187" covered="0"/><counter type="BRANCH" missed="20" covered="0"/><counter type="LINE" missed="31" covered="0"/><counter type="COMPLEXITY" missed="11" covered="0"/><counter type="METHOD" missed="1" covered="0"/></method><method name="isNotEmpty" desc="(Ljava/lang/String;)Z" line="177"><counter type="INSTRUCTION" missed="9" covered="0"/><counter type="BRANCH" missed="4" covered="0"/><counter type="LINE" missed="1" covered="0"/><counter type="COMPLEXITY" missed="3" covered="0"/><counter type="METHOD" missed="1" covered="0"/></method><method name="getValue" desc="(Lorg/w3c/dom/Node;Ljava/lang/String;)Ljava/lang/String;" line="183"><counter type="INSTRUCTION" missed="6" covered="0"/><counter type="LINE" missed="1" covered="0"/><counter type="COMPLEXITY" missed="1" covered="0"/><counter type="METHOD" missed="1" covered="0"/></method><method name="getSingleChild" desc="(Lorg/w3c/dom/Node;Ljava/lang/String;)Lorg/w3c/dom/Node;" line="189"><counter type="INSTRUCTION" missed="45" covered="0"/><counter type="BRANCH" missed="4" covered="0"/><counter type="LINE" missed="6" covered="0"/><counter type="COMPLEXITY" missed="3" covered="0"/><counter type="METHOD" missed="1" covered="0"/></method><method name="findNamedChild" desc="(Lorg/w3c/dom/Node;Ljava/lang/String;)Ljava/util/List;" line="203"><counter type="INSTRUCTION" missed="30" covered="0"/><counter type="BRANCH" missed="4" covered="0"/><counter type="LINE" missed="7" covered="0"/><counter type="COMPLEXITY" missed="3" covered="0"/><counter type="METHOD" missed="1" covered="0"/></method><method name="findSingleChild" desc="(Lorg/w3c/dom/Node;Ljava/lang/String;)Lorg/w3c/dom/Node;" line="219"><counter type="INSTRUCTION" missed="33" covered="0"/><counter type="BRANCH" missed="4" covered="0"/><counter type="LINE" missed="6" covered="0"/><counter type="COMPLEXITY" missed="3" covered="0"/><counter type="METHOD" missed="1" covered="0"/></method><method name="writeGoal" desc="(Ljava/lang/StringBuilder;Ljava/lang/String;Lorg/w3c/dom/Element;)V" line="234"><counter type="INSTRUCTION" missed="135" covered="0"/><counter type="BRANCH" missed="20" covered="0"/><counter type="LINE" missed="23" covered="0"/><counter type="COMPLEXITY" missed="11" covered="0"/><counter type="METHOD" missed="1" covered="0"/></method><method name="writeParameter" desc="(Ljava/lang/StringBuilder;Lorg/w3c/dom/Node;Lorg/w3c/dom/Node;)V" line="274"><counter type="INSTRUCTION" missed="128" covered="0"/><counter type="BRANCH" missed="16" covered="0"/><counter type="LINE" missed="21" covered="0"/><counter type="COMPLEXITY" missed="9" covered="0"/><counter type="METHOD" missed="1" covered="0"/></method><method name="repeat" desc="(Ljava/lang/String;I)Ljava/lang/String;" line="320"><counter type="INSTRUCTION" missed="22" covered="0"/><counter type="BRANCH" missed="2" covered="0"/><counter type="LINE" missed="4" covered="0"/><counter type="COMPLEXITY" missed="2" covered="0"/><counter type="METHOD" missed="1" covered="0"/></method><method name="append" desc="(Ljava/lang/StringBuilder;Ljava/lang/String;I)V" line="340"><counter type="INSTRUCTION" missed="24" covered="0"/><counter type="BRANCH" missed="2" covered="0"/><counter type="LINE" missed="4" covered="0"/><counter type="COMPLEXITY" missed="2" covered="0"/><counter type="METHOD" missed="1" covered="0"/></method><method name="toLines" desc="(Ljava/lang/String;III)Ljava/util/List;" line="358"><counter type="INSTRUCTION" missed="42" covered="0"/><counter type="BRANCH" missed="2" covered="0"/><counter type="LINE" missed="6" covered="0"/><counter type="COMPLEXITY" missed="2" covered="0"/><counter type="METHOD" missed="1" covered="0"/></method><method name="toLines" desc="(Ljava/util/List;Ljava/lang/String;II)V" line="382"><counter type="INSTRUCTION" missed="104" covered="0"/><counter type="BRANCH" missed="12" covered="0"/><counter type="LINE" missed="19" covered="0"/><counter type="COMPLEXITY" missed="7" covered="0"/><counter type="METHOD" missed="1" covered="0"/></method><method name="getIndentLevel" desc="(Ljava/lang/String;)I" line="431"><counter type="INSTRUCTION" missed="40" covered="0"/><counter type="BRANCH" missed="10" covered="0"/><counter type="LINE" missed="8" covered="0"/><counter type="COMPLEXITY" missed="6" covered="0"/><counter type="METHOD" missed="1" covered="0"/></method><method name="getPropertyFromExpression" desc="(Ljava/lang/String;)Ljava/lang/String;" line="449"><counter type="INSTRUCTION" missed="26" covered="0"/><counter type="BRANCH" missed="8" covered="0"/><counter type="LINE" missed="4" covered="0"/><counter type="COMPLEXITY" missed="5" covered="0"/><counter type="METHOD" missed="1" covered="0"/></method><counter type="INSTRUCTION" missed="893" covered="0"/><counter type="BRANCH" missed="110" covered="0"/><counter type="LINE" missed="159" covered="0"/><counter type="COMPLEXITY" missed="71" covered="0"/><counter type="METHOD" missed="16" covered="0"/><counter type="CLASS" missed="1" covered="0"/></class><class name="org/owasp/dependencycheck/maven/ArtifactTypeExcluded" sourcefilename="ArtifactTypeExcluded.java"><method name="&lt;init&gt;" desc="(Ljava/lang/String;)V" line="42"><counter type="INSTRUCTION" missed="0" covered="6"/><counter type="LINE" missed="0" covered="3"/><counter type="COMPLEXITY" missed="0" covered="1"/><counter type="METHOD" missed="0" covered="1"/></method><method name="passes" desc="(Ljava/lang/String;)Z" line="52"><counter type="INSTRUCTION" missed="0" covered="16"/><counter type="BRANCH" missed="0" covered="6"/><counter type="LINE" missed="0" covered="1"/><counter type="COMPLEXITY" missed="0" covered="4"/><counter type="METHOD" missed="0" covered="1"/></method><counter type="INSTRUCTION" missed="0" covered="22"/><counter type="BRANCH" missed="0" covered="6"/><counter type="LINE" missed="0" covered="4"/><counter type="COMPLEXITY" missed="0" covered="5"/><counter type="METHOD" missed="0" covered="2"/><counter type="CLASS" missed="0" covered="1"/></class><class name="org/owasp/dependencycheck/maven/FilteringDependencyTransitiveNodeVisitor" sourcefilename="FilteringDependencyTransitiveNodeVisitor.java"><method name="&lt;init&gt;" desc="(Lorg/apache/maven/shared/dependency/graph/traversal/DependencyNodeVisitor;Lorg/apache/maven/shared/dependency/graph/filter/DependencyNodeFilter;)V" line="50"><counter type="INSTRUCTION" missed="0" covered="9"/><counter type="LINE" missed="0" covered="4"/><counter type="COMPLEXITY" missed="0" covered="1"/><counter type="METHOD" missed="0" covered="1"/></method><method name="visit" desc="(Lorg/apache/maven/shared/dependency/graph/DependencyNode;)Z" line="62"><counter type="INSTRUCTION" missed="2" covered="13"/><counter type="BRANCH" missed="1" covered="1"/><counter type="LINE" missed="1" covered="3"/><counter type="COMPLEXITY" missed="1" covered="1"/><counter type="METHOD" missed="0" covered="1"/></method><method name="endVisit" desc="(Lorg/apache/maven/shared/dependency/graph/DependencyNode;)Z" line="78"><counter type="INSTRUCTION" missed="2" covered="13"/><counter type="BRANCH" missed="1" covered="1"/><counter type="LINE" missed="1" covered="3"/><counter type="COMPLEXITY" missed="1" covered="1"/><counter type="METHOD" missed="0" covered="1"/></method><method name="getDependencyNodeVisitor" desc="()Lorg/apache/maven/shared/dependency/graph/traversal/DependencyNodeVisitor;" line="93"><counter type="INSTRUCTION" missed="3" covered="0"/><counter type="LINE" missed="1" covered="0"/><counter type="COMPLEXITY" missed="1" covered="0"/><counter type="METHOD" missed="1" covered="0"/></method><method name="getDependencyNodeFilter" desc="()Lorg/apache/maven/shared/dependency/graph/filter/DependencyNodeFilter;" line="103"><counter type="INSTRUCTION" missed="3" covered="0"/><counter type="LINE" missed="1" covered="0"/><counter type="COMPLEXITY" missed="1" covered="0"/><counter type="METHOD" missed="1" covered="0"/></method><counter type="INSTRUCTION" missed="10" covered="35"/><counter type="BRANCH" missed="2" covered="2"/><counter type="LINE" missed="4" covered="10"/><counter type="COMPLEXITY" missed="4" covered="3"/><counter type="METHOD" missed="2" covered="3"/><counter type="CLASS" missed="0" covered="1"/></class><class name="org/owasp/dependencycheck/maven/Retirejs" sourcefilename="Retirejs.java"><method name="&lt;init&gt;" desc="()V" line="27"><counter type="INSTRUCTION" missed="0" covered="3"/><counter type="LINE" missed="0" covered="1"/><counter type="COMPLEXITY" missed="0" covered="1"/><counter type="METHOD" missed="0" covered="1"/></method><method name="getFilters" desc="()[Ljava/lang/String;" line="47"><counter type="INSTRUCTION" missed="0" covered="3"/><counter type="LINE" missed="0" covered="1"/><counter type="COMPLEXITY" missed="0" covered="1"/><counter type="METHOD" missed="0" covered="1"/></method><method name="getFilterNonVulnerable" desc="()Ljava/lang/Boolean;" line="60"><counter type="INSTRUCTION" missed="0" covered="3"/><counter type="LINE" missed="0" covered="1"/><counter type="COMPLEXITY" missed="0" covered="1"/><counter type="METHOD" missed="0" covered="1"/></method><counter type="INSTRUCTION" missed="0" covered="9"/><counter type="LINE" missed="0" covered="3"/><counter type="COMPLEXITY" missed="0" covered="3"/><counter type="METHOD" missed="0" covered="3"/><counter type="CLASS" missed="0" covered="1"/></class><class name="org/owasp/dependencycheck/maven/UpdateMojo" sourcefilename="UpdateMojo.java"><method name="&lt;init&gt;" desc="()V" line="47"><counter type="INSTRUCTION" missed="0" covered="3"/><counter type="LINE" missed="0" covered="1"/><counter type="COMPLEXITY" missed="0" covered="1"/><counter type="METHOD" missed="0" covered="1"/></method><method name="canGenerateReport" desc="()Z" line="56"><counter type="INSTRUCTION" missed="2" covered="0"/><counter type="LINE" missed="1" covered="0"/><counter type="COMPLEXITY" missed="1" covered="0"/><counter type="METHOD" missed="1" covered="0"/></method><method name="runCheck" desc="()V" line="70"><counter type="INSTRUCTION" missed="53" covered="15"/><counter type="BRANCH" missed="7" covered="1"/><counter type="LINE" missed="15" covered="6"/><counter type="COMPLEXITY" missed="4" covered="1"/><counter type="METHOD" missed="0" covered="1"/></method><method name="getName" desc="(Ljava/util/Locale;)Ljava/lang/String;" line="105"><counter type="INSTRUCTION" missed="2" covered="0"/><counter type="LINE" missed="1" covered="0"/><counter type="COMPLEXITY" missed="1" covered="0"/><counter type="METHOD" missed="1" covered="0"/></method><method name="getDescription" desc="(Ljava/util/Locale;)Ljava/lang/String;" line="117"><counter type="INSTRUCTION" missed="2" covered="0"/><counter type="LINE" missed="1" covered="0"/><counter type="COMPLEXITY" missed="1" covered="0"/><counter type="METHOD" missed="1" covered="0"/></method><method name="scanDependencies" desc="(Lorg/owasp/dependencycheck/Engine;)Lorg/owasp/dependencycheck/exception/ExceptionCollection;" line="130"><counter type="INSTRUCTION" missed="5" covered="0"/><counter type="LINE" missed="1" covered="0"/><counter type="COMPLEXITY" missed="1" covered="0"/><counter type="METHOD" missed="1" covered="0"/></method><counter type="INSTRUCTION" missed="64" covered="18"/><counter type="BRANCH" missed="7" covered="1"/><counter type="LINE" missed="19" covered="7"/><counter type="COMPLEXITY" missed="8" covered="2"/><counter type="METHOD" missed="4" covered="2"/><counter type="CLASS" missed="0" covered="1"/></class><class name="org/owasp/dependencycheck/maven/BaseDependencyCheckMojo" sourcefilename="BaseDependencyCheckMojo.java"><method name="&lt;init&gt;" desc="()V" line="110"><counter type="INSTRUCTION" missed="0" covered="42"/><counter type="LINE" missed="0" covered="14"/><counter type="COMPLEXITY" missed="0" covered="1"/><counter type="METHOD" missed="0" covered="1"/></method><method name="artifactsMatch" desc="(Lorg/apache/maven/model/Dependency;Lorg/apache/maven/artifact/Artifact;)Z" line="796"><counter type="INSTRUCTION" missed="1" covered="21"/><counter type="BRANCH" missed="3" covered="3"/><counter type="LINE" missed="0" covered="3"/><counter type="COMPLEXITY" missed="3" covered="1"/><counter type="METHOD" missed="0" covered="1"/></method><method name="isEqualOrNull" desc="(Ljava/lang/String;Ljava/lang/String;)Z" line="811"><counter type="INSTRUCTION" missed="5" covered="9"/><counter type="BRANCH" missed="6" covered="2"/><counter type="LINE" missed="0" covered="1"/><counter type="COMPLEXITY" missed="4" covered="1"/><counter type="METHOD" missed="0" covered="1"/></method><method name="execute" desc="()V" line="823"><counter type="INSTRUCTION" missed="14" covered="21"/><counter type="BRANCH" missed="1" covered="1"/><counter type="LINE" missed="1" covered="6"/><counter type="COMPLEXITY" missed="1" covered="1"/><counter type="METHOD" missed="0" covered="1"/></method><method name="generate" desc="(Lorg/codehaus/doxia/sink/Sink;Ljava/util/Locale;)V" line="846"><counter type="INSTRUCTION" missed="0" covered="5"/><counter type="LINE" missed="0" covered="2"/><counter type="COMPLEXITY" missed="0" covered="1"/><counter type="METHOD" missed="0" covered="1"/></method><method name="isGeneratingSite" desc="()Z" line="855"><counter type="INSTRUCTION" missed="3" covered="0"/><counter type="LINE" missed="1" covered="0"/><counter type="COMPLEXITY" missed="1" covered="0"/><counter type="METHOD" missed="1" covered="0"/></method><method name="getConnectionString" desc="()Ljava/lang/String;" line="864"><counter type="INSTRUCTION" missed="3" covered="0"/><counter type="LINE" missed="1" covered="0"/><counter type="COMPLEXITY" missed="1" covered="0"/><counter type="METHOD" missed="1" covered="0"/></method><method name="isFailOnError" desc="()Z" line="873"><counter type="INSTRUCTION" missed="0" covered="3"/><counter type="LINE" missed="0" covered="1"/><counter type="COMPLEXITY" missed="0" covered="1"/><counter type="METHOD" missed="0" covered="1"/></method><method name="generate" desc="(Lorg/apache/maven/doxia/sink/Sink;Ljava/util/Locale;)V" line="884"><counter type="INSTRUCTION" missed="27" covered="22"/><counter type="BRANCH" missed="1" covered="1"/><counter type="LINE" missed="6" covered="7"/><counter type="COMPLEXITY" missed="1" covered="1"/><counter type="METHOD" missed="0" covered="1"/></method><method name="getCorrectOutputDirectory" desc="()Ljava/io/File;" line="910"><counter type="INSTRUCTION" missed="5" covered="0"/><counter type="LINE" missed="1" covered="0"/><counter type="COMPLEXITY" missed="1" covered="0"/><counter type="METHOD" missed="1" covered="0"/></method><method name="getCorrectOutputDirectory" desc="(Lorg/apache/maven/project/MavenProject;)Ljava/io/File;" line="921"><counter type="INSTRUCTION" missed="21" covered="12"/><counter type="BRANCH" missed="6" covered="2"/><counter type="LINE" missed="4" covered="3"/><counter type="COMPLEXITY" missed="4" covered="1"/><counter type="METHOD" missed="0" covered="1"/></method><method name="scanArtifacts" desc="(Lorg/apache/maven/project/MavenProject;Lorg/owasp/dependencycheck/Engine;)Lorg/owasp/dependencycheck/exception/ExceptionCollection;" line="943"><counter type="INSTRUCTION" missed="0" covered="6"/><counter type="LINE" missed="0" covered="1"/><counter type="COMPLEXITY" missed="0" covered="1"/><counter type="METHOD" missed="0" covered="1"/></method><method name="scanArtifacts" desc="(Lorg/apache/maven/project/MavenProject;Lorg/owasp/dependencycheck/Engine;Z)Lorg/owasp/dependencycheck/exception/ExceptionCollection;" line="958"><counter type="INSTRUCTION" missed="21" covered="75"/><counter type="LINE" missed="4" covered="10"/><counter type="COMPLEXITY" missed="0" covered="1"/><counter type="METHOD" missed="0" covered="1"/></method><method name="toDependencyNode" desc="(Ljava/util/List;Lorg/apache/maven/project/ProjectBuildingRequest;Lorg/apache/maven/shared/dependency/graph/DependencyNode;Lorg/apache/maven/model/Dependency;)Lorg/apache/maven/shared/dependency/graph/DependencyNode;" line="999"><counter type="INSTRUCTION" missed="72" covered="83"/><counter type="BRANCH" missed="14" covered="6"/><counter type="LINE" missed="15" covered="19"/><counter type="COMPLEXITY" missed="8" covered="3"/><counter type="METHOD" missed="0" covered="1"/></method><method name="findVersion" desc="(Ljava/util/List;Ljava/lang/String;Ljava/lang/String;)Ljava/lang/String;" line="1059"><counter type="INSTRUCTION" missed="2" covered="17"/><counter type="BRANCH" missed="1" covered="1"/><counter type="LINE" missed="1" covered="4"/><counter type="COMPLEXITY" missed="1" covered="1"/><counter type="METHOD" missed="0" covered="1"/></method><method name="collectDependencyManagementDependencies" desc="(Lorg/owasp/dependencycheck/Engine;Lorg/apache/maven/project/ProjectBuildingRequest;Lorg/apache/maven/project/MavenProject;Ljava/util/List;Z)Lorg/owasp/dependencycheck/exception/ExceptionCollection;" line="1081"><counter type="INSTRUCTION" missed="10" covered="78"/><counter type="BRANCH" missed="6" covered="8"/><counter type="LINE" missed="3" covered="17"/><counter type="COMPLEXITY" missed="5" covered="3"/><counter type="METHOD" missed="0" covered="1"/></method><method name="collectMavenDependencies" desc="(Lorg/owasp/dependencycheck/Engine;Lorg/apache/maven/project/MavenProject;Ljava/util/List;Lorg/apache/maven/project/ProjectBuildingRequest;Z)Lorg/owasp/dependencycheck/exception/ExceptionCollection;" line="1129"><counter type="INSTRUCTION" missed="247" covered="249"/><counter type="BRANCH" missed="36" covered="28"/><counter type="LINE" missed="45" covered="63"/><counter type="COMPLEXITY" missed="26" covered="7"/><counter type="METHOD" missed="0" covered="1"/></method><method name="createProjectReferenceName" desc="(Lorg/apache/maven/project/MavenProject;Lorg/apache/maven/shared/dependency/graph/DependencyNode;)Ljava/lang/String;" line="1285"><counter type="INSTRUCTION" missed="0" covered="14"/><counter type="LINE" missed="0" covered="1"/><counter type="COMPLEXITY" missed="0" covered="1"/><counter type="METHOD" missed="0" covered="1"/></method><method name="collectDependencies" desc="(Lorg/owasp/dependencycheck/Engine;Lorg/apache/maven/project/MavenProject;Ljava/util/List;Lorg/apache/maven/project/ProjectBuildingRequest;Z)Lorg/owasp/dependencycheck/exception/ExceptionCollection;" line="1305"><counter type="INSTRUCTION" missed="32" covered="257"/><counter type="BRANCH" missed="8" covered="12"/><counter type="LINE" missed="11" covered="48"/><counter type="COMPLEXITY" missed="6" covered="5"/><counter type="METHOD" missed="0" covered="1"/></method><method name="addReactorDependency" desc="(Lorg/owasp/dependencycheck/Engine;Lorg/apache/maven/artifact/Artifact;)Z" line="1399"><counter type="INSTRUCTION" missed="0" covered="6"/><counter type="LINE" missed="0" covered="1"/><counter type="COMPLEXITY" missed="0" covered="1"/><counter type="METHOD" missed="0" covered="1"/></method><method name="addVirtualDependencyFromReactor" desc="(Lorg/owasp/dependencycheck/Engine;Lorg/apache/maven/artifact/Artifact;Ljava/lang/String;)Z" line="1418"><counter type="INSTRUCTION" missed="95" covered="275"/><counter type="BRANCH" missed="14" covered="8"/><counter type="LINE" missed="16" covered="40"/><counter type="COMPLEXITY" missed="10" covered="2"/><counter type="METHOD" missed="0" covered="1"/></method><method name="addSnapshotReactorDependency" desc="(Lorg/owasp/dependencycheck/Engine;Lorg/apache/maven/artifact/Artifact;)Z" line="1505"><counter type="INSTRUCTION" missed="2" covered="9"/><counter type="BRANCH" missed="1" covered="1"/><counter type="LINE" missed="1" covered="2"/><counter type="COMPLEXITY" missed="1" covered="1"/><counter type="METHOD" missed="0" covered="1"/></method><method name="newResolveArtifactProjectBuildingRequest" desc="(Lorg/apache/maven/project/MavenProject;)Lorg/apache/maven/project/ProjectBuildingRequest;" line="1519"><counter type="INSTRUCTION" missed="0" covered="20"/><counter type="LINE" missed="0" covered="4"/><counter type="COMPLEXITY" missed="0" covered="1"/><counter type="METHOD" missed="0" covered="1"/></method><method name="runCheck" desc="()V" line="1534"><counter type="INSTRUCTION" missed="60" covered="86"/><counter type="BRANCH" missed="11" covered="9"/><counter type="LINE" missed="15" covered="21"/><counter type="COMPLEXITY" missed="7" covered="4"/><counter type="METHOD" missed="0" covered="1"/></method><method name="handleAnalysisExceptions" desc="(Lorg/owasp/dependencycheck/exception/ExceptionCollection;Lorg/owasp/dependencycheck/exception/ExceptionCollection;)Lorg/owasp/dependencycheck/exception/ExceptionCollection;" line="1598"><counter type="INSTRUCTION" missed="50" covered="27"/><counter type="BRANCH" missed="9" covered="3"/><counter type="LINE" missed="11" covered="7"/><counter type="COMPLEXITY" missed="6" covered="1"/><counter type="METHOD" missed="0" covered="1"/></method><method name="getReportOutputDirectory" desc="()Ljava/io/File;" line="1641"><counter type="INSTRUCTION" missed="0" covered="3"/><counter type="LINE" missed="0" covered="1"/><counter type="COMPLEXITY" missed="0" covered="1"/><counter type="METHOD" missed="0" covered="1"/></method><method name="setReportOutputDirectory" desc="(Ljava/io/File;)V" line="1651"><counter type="INSTRUCTION" missed="0" covered="4"/><counter type="LINE" missed="0" covered="2"/><counter type="COMPLEXITY" missed="0" covered="1"/><counter type="METHOD" missed="0" covered="1"/></method><method name="getOutputDirectory" desc="()Ljava/io/File;" line="1660"><counter type="INSTRUCTION" missed="3" covered="0"/><counter type="LINE" missed="1" covered="0"/><counter type="COMPLEXITY" missed="1" covered="0"/><counter type="METHOD" missed="1" covered="0"/></method><method name="isExternalReport" desc="()Z" line="1671"><counter type="INSTRUCTION" missed="0" covered="2"/><counter type="LINE" missed="0" covered="1"/><counter type="COMPLEXITY" missed="0" covered="1"/><counter type="METHOD" missed="0" covered="1"/></method><method name="getOutputName" desc="()Ljava/lang/String;" line="1681"><counter type="INSTRUCTION" missed="38" covered="9"/><counter type="BRANCH" missed="13" covered="1"/><counter type="LINE" missed="10" covered="3"/><counter type="COMPLEXITY" missed="7" covered="1"/><counter type="METHOD" missed="0" covered="1"/></method><method name="getCategoryName" desc="()Ljava/lang/String;" line="1705"><counter type="INSTRUCTION" missed="0" covered="2"/><counter type="LINE" missed="0" covered="1"/><counter type="COMPLEXITY" missed="0" covered="1"/><counter type="METHOD" missed="0" covered="1"/></method><method name="initializeEngine" desc="()Lorg/owasp/dependencycheck/Engine;" line="1718"><counter type="INSTRUCTION" missed="0" covered="8"/><counter type="LINE" missed="0" covered="2"/><counter type="COMPLEXITY" missed="0" covered="1"/><counter type="METHOD" missed="0" covered="1"/></method><method name="populateSettings" desc="()V" line="1728"><counter type="INSTRUCTION" missed="73" covered="469"/><counter type="BRANCH" missed="11" covered="9"/><counter type="LINE" missed="16" covered="83"/><counter type="COMPLEXITY" missed="9" covered="2"/><counter type="METHOD" missed="0" covered="1"/></method><method name="configureServerCredentials" desc="(Ljava/lang/String;Ljava/lang/String;Ljava/lang/String;)V" line="1859"><counter type="INSTRUCTION" missed="99" covered="3"/><counter type="BRANCH" missed="13" covered="1"/><counter type="LINE" missed="21" covered="2"/><counter type="COMPLEXITY" missed="7" covered="1"/><counter type="METHOD" missed="0" covered="1"/></method><method name="decryptServerPassword" desc="(Lorg/apache/maven/settings/Server;)Ljava/lang/String;" line="1910"><counter type="INSTRUCTION" missed="15" covered="0"/><counter type="BRANCH" missed="2" covered="0"/><counter type="LINE" missed="3" covered="0"/><counter type="COMPLEXITY" missed="2" covered="0"/><counter type="METHOD" missed="1" covered="0"/></method><method name="determineSuppressions" desc="()[Ljava/lang/String;" line="1924"><counter type="INSTRUCTION" missed="9" covered="26"/><counter type="BRANCH" missed="1" covered="3"/><counter type="LINE" missed="1" covered="6"/><counter type="COMPLEXITY" missed="1" covered="2"/><counter type="METHOD" missed="0" covered="1"/></method><method name="muteJCS" desc="()V" line="1941"><counter type="INSTRUCTION" missed="14" covered="86"/><counter type="BRANCH" missed="0" covered="2"/><counter type="LINE" missed="2" covered="8"/><counter type="COMPLEXITY" missed="0" covered="2"/><counter type="METHOD" missed="0" covered="1"/></method><method name="getMavenProxy" desc="()Lorg/apache/maven/settings/Proxy;" line="1973"><counter type="INSTRUCTION" missed="39" covered="14"/><counter type="BRANCH" missed="13" covered="3"/><counter type="LINE" missed="9" covered="4"/><counter type="COMPLEXITY" missed="8" covered="1"/><counter type="METHOD" missed="0" covered="1"/></method><method name="getProject" desc="()Lorg/apache/maven/project/MavenProject;" line="2005"><counter type="INSTRUCTION" missed="0" covered="3"/><counter type="LINE" missed="0" covered="1"/><counter type="COMPLEXITY" missed="0" covered="1"/><counter type="METHOD" missed="0" covered="1"/></method><method name="getReactorProjects" desc="()Ljava/util/List;" line="2014"><counter type="INSTRUCTION" missed="0" covered="3"/><counter type="LINE" missed="0" covered="1"/><counter type="COMPLEXITY" missed="0" covered="1"/><counter type="METHOD" missed="0" covered="1"/></method><method name="getFormats" desc="()Ljava/util/Set;" line="2023"><counter type="INSTRUCTION" missed="4" covered="23"/><counter type="BRANCH" missed="3" covered="3"/><counter type="LINE" missed="0" covered="4"/><counter type="COMPLEXITY" missed="3" covered="1"/><counter type="METHOD" missed="0" covered="1"/></method><method name="getExcludes" desc="()Ljava/util/List;" line="2037"><counter type="INSTRUCTION" missed="0" covered="11"/><counter type="BRANCH" missed="0" covered="2"/><counter type="LINE" missed="0" covered="3"/><counter type="COMPLEXITY" missed="0" covered="2"/><counter type="METHOD" missed="0" covered="1"/></method><method name="getArtifactScopeExcluded" desc="()Lorg/owasp/dependencycheck/utils/Filter;" line="2049"><counter type="INSTRUCTION" missed="0" covered="3"/><counter type="LINE" missed="0" covered="1"/><counter type="COMPLEXITY" missed="0" covered="1"/><counter type="METHOD" missed="0" covered="1"/></method><method name="getSettings" desc="()Lorg/owasp/dependencycheck/utils/Settings;" line="2058"><counter type="INSTRUCTION" missed="0" covered="3"/><counter type="LINE" missed="0" covered="1"/><counter type="COMPLEXITY" missed="0" covered="1"/><counter type="METHOD" missed="0" covered="1"/></method><method name="checkForFailure" desc="([Lorg/owasp/dependencycheck/dependency/Dependency;)V" line="2071"><counter type="INSTRUCTION" missed="77" covered="64"/><counter type="BRANCH" missed="14" covered="12"/><counter type="LINE" missed="13" covered="10"/><counter type="COMPLEXITY" missed="10" covered="4"/><counter type="METHOD" missed="0" covered="1"/></method><method name="showSummary" desc="(Lorg/apache/maven/project/MavenProject;[Lorg/owasp/dependencycheck/dependency/Dependency;)V" line="2114"><counter type="INSTRUCTION" missed="0" covered="8"/><counter type="BRANCH" missed="1" covered="1"/><counter type="LINE" missed="0" covered="3"/><counter type="COMPLEXITY" missed="1" covered="1"/><counter type="METHOD" missed="0" covered="1"/></method><method name="lambda$findVersion$0" desc="(Ljava/lang/String;Ljava/lang/String;Lorg/apache/maven/shared/dependency/graph/DependencyNode;)Z" line="1060"><counter type="INSTRUCTION" missed="1" covered="15"/><counter type="BRANCH" missed="2" covered="2"/><counter type="LINE" missed="0" covered="2"/><counter type="COMPLEXITY" missed="2" covered="1"/><counter type="METHOD" missed="0" covered="1"/></method><method name="&lt;clinit&gt;" desc="()V" line="120"><counter type="INSTRUCTION" missed="0" covered="6"/><counter type="LINE" missed="0" covered="1"/><counter type="COMPLEXITY" missed="0" covered="1"/><counter type="METHOD" missed="0" covered="1"/></method><counter type="INSTRUCTION" missed="1042" covered="2102"/><counter type="BRANCH" missed="190" covered="124"/><counter type="LINE" missed="212" covered="414"/><counter type="COMPLEXITY" missed="137" covered="68"/><counter type="METHOD" missed="5" covered="43"/><counter type="CLASS" missed="0" covered="1"/></class><sourcefile name="BaseDependencyCheckMojo.java"><line nr="110" mi="0" ci="2" mb="0" cb="0"/><line nr="120" mi="0" ci="6" mb="0" cb="0"/><line nr="128" mi="0" ci="3" mb="0" cb="0"/><line nr="132" mi="0" ci="3" mb="0" cb="0"/><line nr="194" mi="0" ci="3" mb="0" cb="0"/><line nr="202" mi="0" ci="3" mb="0" cb="0"/><line nr="208" mi="0" ci="3" mb="0" cb="0"/><line nr="259" mi="0" ci="3" mb="0" cb="0"/><line nr="330" mi="0" ci="3" mb="0" cb="0"/><line nr="662" mi="0" ci="3" mb="0" cb="0"/><line nr="668" mi="0" ci="3" mb="0" cb="0"/><line nr="674" mi="0" ci="3" mb="0" cb="0"/><line nr="680" mi="0" ci="3" mb="0" cb="0"/><line nr="687" mi="0" ci="3" mb="0" cb="0"/><line nr="694" mi="0" ci="4" mb="0" cb="0"/><line nr="796" mi="0" ci="8" mb="1" cb="1"/><line nr="797" mi="0" ci="6" mb="1" cb="1"/><line nr="798" mi="1" ci="7" mb="1" cb="1"/><line nr="811" mi="5" ci="9" mb="6" cb="2"/><line nr="823" mi="0" ci="3" mb="0" cb="0"/><line nr="824" mi="0" ci="7" mb="0" cb="0"/><line nr="825" mi="0" ci="2" mb="1" cb="1"/><line nr="826" mi="14" ci="0" mb="0" cb="0"/><line nr="828" mi="0" ci="6" mb="0" cb="0"/><line nr="829" mi="0" ci="2" mb="0" cb="0"/><line nr="831" mi="0" ci="1" mb="0" cb="0"/><line nr="846" mi="0" ci="4" mb="0" cb="0"/><line nr="847" mi="0" ci="1" mb="0" cb="0"/><line nr="855" mi="3" ci="0" mb="0" cb="0"/><line nr="864" mi="3" ci="0" mb="0" cb="0"/><line nr="873" mi="0" ci="3" mb="0" cb="0"/><line nr="884" mi="0" ci="7" mb="0" cb="0"/><line nr="885" mi="0" ci="2" mb="1" cb="1"/><line nr="886" mi="13" ci="0" mb="0" cb="0"/><line nr="887" mi="1" ci="0" mb="0" cb="0"/><line nr="890" mi="0" ci="3" mb="0" cb="0"/><line nr="891" mi="0" ci="6" mb="0" cb="0"/><line nr="893" mi="0" ci="2" mb="0" cb="0"/><line nr="894" mi="1" ci="0" mb="0" cb="0"/><line nr="895" mi="7" ci="0" mb="0" cb="0"/><line nr="896" mi="1" ci="0" mb="0" cb="0"/><line nr="897" mi="4" ci="0" mb="0" cb="0"/><line nr="898" mi="0" ci="1" mb="0" cb="0"/><line nr="899" mi="0" ci="1" mb="0" cb="0"/><line nr="910" mi="5" ci="0" mb="0" cb="0"/><line nr="921" mi="0" ci="4" mb="0" cb="0"/><line nr="922" mi="0" ci="5" mb="2" cb="2"/><line nr="923" mi="0" ci="3" mb="0" cb="0"/><line nr="926" mi="7" ci="0" mb="0" cb="0"/><line nr="927" mi="9" ci="0" mb="4" cb="0"/><line nr="928" mi="3" ci="0" mb="0" cb="0"/><line nr="930" mi="2" ci="0" mb="0" cb="0"/><line nr="943" mi="0" ci="6" mb="0" cb="0"/><line nr="958" mi="0" ci="16" mb="0" cb="0"/><line nr="959" mi="0" ci="4" mb="0" cb="0"/><line nr="962" mi="0" ci="8" mb="0" cb="0"/><line nr="964" mi="0" ci="4" mb="0" cb="0"/><line nr="966" mi="0" ci="8" mb="0" cb="0"/><line nr="967" mi="0" ci="5" mb="0" cb="0"/><line nr="970" mi="0" ci="12" mb="0" cb="0"/><line nr="972" mi="0" ci="4" mb="0" cb="0"/><line nr="975" mi="0" ci="6" mb="0" cb="0"/><line nr="977" mi="0" ci="8" mb="0" cb="0"/><line nr="978" mi="1" ci="0" mb="0" cb="0"/><line nr="979" mi="10" ci="0" mb="0" cb="0"/><line nr="980" mi="5" ci="0" mb="0" cb="0"/><line nr="981" mi="5" ci="0" mb="0" cb="0"/><line nr="999" mi="0" ci="4" mb="0" cb="0"/><line nr="1001" mi="0" ci="4" mb="0" cb="0"/><line nr="1002" mi="0" ci="4" mb="0" cb="0"/><line nr="1003" mi="0" ci="2" mb="0" cb="0"/><line nr="1006" mi="0" ci="4" mb="0" cb="0"/><line nr="1007" mi="1" ci="0" mb="0" cb="0"/><line nr="1008" mi="8" ci="0" mb="0" cb="0"/><line nr="1009" mi="5" ci="0" mb="0" cb="0"/><line nr="1010" mi="5" ci="0" mb="0" cb="0"/><line nr="1011" mi="6" ci="0" mb="0" cb="0"/><line nr="1012" mi="0" ci="1" mb="0" cb="0"/><line nr="1013" mi="0" ci="3" mb="0" cb="2"/><line nr="1014" mi="0" ci="8" mb="0" cb="0"/><line nr="1015" mi="0" ci="2" mb="1" cb="1"/><line nr="1018" mi="3" ci="0" mb="2" cb="0"/><line nr="1019" mi="5" ci="0" mb="0" cb="0"/><line nr="1020" mi="3" ci="0" mb="2" cb="0"/><line nr="1021" mi="11" ci="0" mb="2" cb="0"/><line nr="1022" mi="3" ci="0" mb="2" cb="0"/><line nr="1023" mi="4" ci="0" mb="0" cb="0"/><line nr="1025" mi="3" ci="0" mb="2" cb="0"/><line nr="1026" mi="4" ci="0" mb="0" cb="0"/><line nr="1028" mi="2" ci="0" mb="0" cb="0"/><line nr="1030" mi="3" ci="0" mb="0" cb="0"/><line nr="1034" mi="0" ci="2" mb="0" cb="2"/><line nr="1035" mi="0" ci="3" mb="0" cb="0"/><line nr="1037" mi="0" ci="3" mb="0" cb="0"/><line nr="1039" mi="0" ci="8" mb="0" cb="0"/><line nr="1040" mi="0" ci="4" mb="0" cb="0"/><line nr="1041" mi="4" ci="6" mb="3" cb="1"/><line nr="1042" mi="2" ci="3" mb="0" cb="0"/><line nr="1043" mi="0" ci="7" mb="0" cb="0"/><line nr="1044" mi="0" ci="4" mb="0" cb="0"/><line nr="1045" mi="0" ci="11" mb="0" cb="0"/><line nr="1059" mi="0" ci="6" mb="0" cb="0"/><line nr="1060" mi="0" ci="9" mb="1" cb="1"/><line nr="1061" mi="1" ci="8" mb="1" cb="1"/><line nr="1062" mi="0" ci="3" mb="1" cb="1"/><line nr="1063" mi="0" ci="6" mb="0" cb="0"/><line nr="1065" mi="2" ci="0" mb="0" cb="0"/><line nr="1081" mi="0" ci="6" mb="1" cb="3"/><line nr="1082" mi="0" ci="2" mb="0" cb="0"/><line nr="1085" mi="0" ci="2" mb="0" cb="0"/><line nr="1086" mi="0" ci="12" mb="0" cb="2"/><line nr="1088" mi="0" ci="9" mb="0" cb="0"/><line nr="1089" mi="0" ci="1" mb="0" cb="0"/><line nr="1090" mi="0" ci="12" mb="0" cb="0"/><line nr="1091" mi="0" ci="2" mb="0" cb="0"/><line nr="1093" mi="1" ci="2" mb="1" cb="1"/><line nr="1095" mi="0" ci="7" mb="1" cb="1"/><line nr="1096" mi="0" ci="4" mb="0" cb="0"/><line nr="1097" mi="0" ci="11" mb="0" cb="0"/><line nr="1099" mi="0" ci="2" mb="0" cb="0"/><line nr="1102" mi="0" ci="2" mb="1" cb="1"/><line nr="1103" mi="2" ci="0" mb="2" cb="0"/><line nr="1104" mi="4" ci="0" mb="0" cb="0"/><line nr="1106" mi="3" ci="0" mb="0" cb="0"/><line nr="1108" mi="0" ci="1" mb="0" cb="0"/><line nr="1109" mi="0" ci="1" mb="0" cb="0"/><line nr="1110" mi="0" ci="2" mb="0" cb="0"/><line nr="1129" mi="0" ci="8" mb="0" cb="0"/><line nr="1131" mi="0" ci="10" mb="0" cb="2"/><line nr="1132" mi="0" ci="10" mb="0" cb="2"/><line nr="1133" mi="0" ci="4" mb="1" cb="1"/><line nr="1134" mi="1" ci="0" mb="0" cb="0"/><line nr="1137" mi="0" ci="2" mb="0" cb="0"/><line nr="1138" mi="0" ci="2" mb="0" cb="0"/><line nr="1139" mi="0" ci="2" mb="0" cb="0"/><line nr="1140" mi="0" ci="2" mb="0" cb="0"/><line nr="1141" mi="0" ci="2" mb="0" cb="0"/><line nr="1142" mi="0" ci="2" mb="0" cb="0"/><line nr="1143" mi="0" ci="6" mb="0" cb="2"/><line nr="1144" mi="0" ci="11" mb="1" cb="1"/><line nr="1145" mi="0" ci="3" mb="0" cb="0"/><line nr="1146" mi="0" ci="7" mb="2" cb="2"/><line nr="1148" mi="0" ci="6" mb="0" cb="0"/><line nr="1149" mi="0" ci="3" mb="0" cb="0"/><line nr="1150" mi="0" ci="3" mb="0" cb="0"/><line nr="1151" mi="0" ci="3" mb="0" cb="0"/><line nr="1152" mi="0" ci="3" mb="0" cb="0"/><line nr="1153" mi="0" ci="3" mb="0" cb="0"/><line nr="1154" mi="0" ci="1" mb="0" cb="0"/><line nr="1156" mi="1" ci="0" mb="0" cb="0"/><line nr="1157" mi="0" ci="2" mb="1" cb="1"/><line nr="1158" mi="12" ci="0" mb="0" cb="0"/><line nr="1159" mi="2" ci="0" mb="2" cb="0"/><line nr="1160" mi="4" ci="0" mb="0" cb="0"/><line nr="1162" mi="11" ci="0" mb="0" cb="0"/><line nr="1163" mi="4" ci="0" mb="0" cb="0"/><line nr="1166" mi="0" ci="3" mb="0" cb="0"/><line nr="1168" mi="0" ci="3" mb="0" cb="2"/><line nr="1172" mi="0" ci="12" mb="0" cb="0"/><line nr="1173" mi="0" ci="3" mb="0" cb="0"/><line nr="1175" mi="0" ci="4" mb="0" cb="0"/><line nr="1177" mi="7" ci="0" mb="0" cb="0"/><line nr="1178" mi="0" ci="1" mb="0" cb="0"/><line nr="1179" mi="0" ci="12" mb="0" cb="0"/><line nr="1180" mi="0" ci="2" mb="0" cb="0"/><line nr="1182" mi="1" ci="2" mb="1" cb="1"/><line nr="1184" mi="0" ci="6" mb="1" cb="1"/><line nr="1186" mi="0" ci="2" mb="0" cb="0"/><line nr="1189" mi="0" ci="2" mb="1" cb="1"/><line nr="1190" mi="2" ci="0" mb="2" cb="0"/><line nr="1191" mi="4" ci="0" mb="0" cb="0"/><line nr="1193" mi="3" ci="0" mb="0" cb="0"/><line nr="1195" mi="0" ci="1" mb="0" cb="0"/><line nr="1196" mi="1" ci="0" mb="0" cb="0"/><line nr="1198" mi="0" ci="7" mb="1" cb="3"/><line nr="1199" mi="0" ci="6" mb="0" cb="2"/><line nr="1200" mi="0" ci="3" mb="1" cb="1"/><line nr="1201" mi="0" ci="1" mb="0" cb="0"/><line nr="1203" mi="0" ci="3" mb="0" cb="0"/><line nr="1204" mi="0" ci="3" mb="0" cb="0"/><line nr="1205" mi="0" ci="3" mb="0" cb="0"/><line nr="1206" mi="0" ci="3" mb="0" cb="0"/><line nr="1207" mi="0" ci="3" mb="0" cb="0"/><line nr="1208" mi="0" ci="3" mb="0" cb="0"/><line nr="1210" mi="0" ci="4" mb="2" cb="2"/><line nr="1211" mi="0" ci="8" mb="0" cb="0"/><line nr="1212" mi="0" ci="1" mb="0" cb="0"/><line nr="1213" mi="0" ci="2" mb="1" cb="1"/><line nr="1214" mi="0" ci="2" mb="0" cb="0"/><line nr="1215" mi="0" ci="4" mb="1" cb="1"/><line nr="1216" mi="0" ci="6" mb="0" cb="0"/><line nr="1218" mi="10" ci="0" mb="2" cb="0"/><line nr="1219" mi="6" ci="0" mb="2" cb="0"/><line nr="1220" mi="2" ci="0" mb="0" cb="0"/><line nr="1221" mi="1" ci="0" mb="0" cb="0"/><line nr="1223" mi="1" ci="0" mb="0" cb="0"/><line nr="1225" mi="0" ci="2" mb="1" cb="1"/><line nr="1226" mi="0" ci="7" mb="0" cb="0"/><line nr="1227" mi="0" ci="5" mb="0" cb="0"/><line nr="1228" mi="0" ci="2" mb="1" cb="1"/><line nr="1229" mi="10" ci="0" mb="2" cb="0"/><line nr="1230" mi="4" ci="0" mb="0" cb="0"/><line nr="1231" mi="1" ci="0" mb="0" cb="0"/><line nr="1233" mi="0" ci="10" mb="0" cb="0"/><line nr="1234" mi="0" ci="7" mb="0" cb="0"/><line nr="1235" mi="4" ci="1" mb="2" cb="0"/><line nr="1236" mi="8" ci="0" mb="0" cb="0"/><line nr="1237" mi="8" ci="0" mb="0" cb="0"/><line nr="1238" mi="4" ci="0" mb="0" cb="0"/><line nr="1240" mi="6" ci="1" mb="2" cb="0"/><line nr="1241" mi="8" ci="0" mb="0" cb="0"/><line nr="1242" mi="14" ci="0" mb="0" cb="0"/><line nr="1243" mi="4" ci="0" mb="0" cb="0"/><line nr="1244" mi="7" ci="0" mb="2" cb="0"/><line nr="1247" mi="6" ci="0" mb="0" cb="0"/><line nr="1248" mi="4" ci="0" mb="0" cb="0"/><line nr="1249" mi="6" ci="0" mb="0" cb="0"/><line nr="1250" mi="3" ci="0" mb="0" cb="0"/><line nr="1251" mi="1" ci="0" mb="0" cb="0"/><line nr="1252" mi="2" ci="0" mb="2" cb="0"/><line nr="1253" mi="4" ci="0" mb="0" cb="0"/><line nr="1255" mi="3" ci="0" mb="0" cb="0"/><line nr="1256" mi="13" ci="0" mb="0" cb="0"/><line nr="1257" mi="2" ci="0" mb="0" cb="0"/><line nr="1259" mi="8" ci="0" mb="0" cb="0"/><line nr="1260" mi="14" ci="0" mb="0" cb="0"/><line nr="1261" mi="4" ci="0" mb="0" cb="0"/><line nr="1263" mi="0" ci="1" mb="0" cb="0"/><line nr="1264" mi="8" ci="0" mb="0" cb="0"/><line nr="1265" mi="8" ci="0" mb="0" cb="0"/><line nr="1266" mi="4" ci="0" mb="0" cb="0"/><line nr="1267" mi="2" ci="0" mb="2" cb="0"/><line nr="1268" mi="4" ci="0" mb="0" cb="0"/><line nr="1271" mi="0" ci="1" mb="0" cb="0"/><line nr="1272" mi="0" ci="2" mb="0" cb="0"/><line nr="1285" mi="0" ci="14" mb="0" cb="0"/><line nr="1305" mi="0" ci="8" mb="0" cb="0"/><line nr="1308" mi="0" ci="7" mb="1" cb="3"/><line nr="1310" mi="0" ci="4" mb="0" cb="0"/><line nr="1311" mi="0" ci="4" mb="0" cb="0"/><line nr="1312" mi="0" ci="4" mb="0" cb="0"/><line nr="1313" mi="0" ci="4" mb="0" cb="0"/><line nr="1315" mi="0" ci="9" mb="0" cb="0"/><line nr="1316" mi="0" ci="3" mb="0" cb="0"/><line nr="1317" mi="0" ci="9" mb="0" cb="0"/><line nr="1318" mi="0" ci="3" mb="0" cb="0"/><line nr="1319" mi="0" ci="9" mb="0" cb="0"/><line nr="1320" mi="0" ci="3" mb="0" cb="0"/><line nr="1321" mi="0" ci="5" mb="0" cb="0"/><line nr="1322" mi="0" ci="3" mb="0" cb="0"/><line nr="1323" mi="0" ci="3" mb="0" cb="0"/><line nr="1324" mi="0" ci="3" mb="0" cb="0"/><line nr="1325" mi="0" ci="3" mb="0" cb="0"/><line nr="1326" mi="0" ci="3" mb="0" cb="0"/><line nr="1327" mi="1" ci="0" mb="0" cb="0"/><line nr="1328" mi="2" ci="0" mb="2" cb="0"/><line nr="1329" mi="4" ci="0" mb="0" cb="0"/><line nr="1331" mi="3" ci="0" mb="0" cb="0"/><line nr="1332" mi="0" ci="1" mb="0" cb="0"/><line nr="1333" mi="0" ci="19" mb="0" cb="0"/><line nr="1335" mi="0" ci="3" mb="1" cb="1"/><line nr="1336" mi="0" ci="5" mb="0" cb="0"/><line nr="1337" mi="0" ci="10" mb="0" cb="2"/><line nr="1339" mi="0" ci="5" mb="0" cb="0"/><line nr="1340" mi="0" ci="4" mb="0" cb="0"/><line nr="1342" mi="0" ci="6" mb="0" cb="0"/><line nr="1343" mi="0" ci="3" mb="1" cb="1"/><line nr="1344" mi="5" ci="0" mb="0" cb="0"/><line nr="1347" mi="0" ci="10" mb="0" cb="0"/><line nr="1348" mi="1" ci="0" mb="0" cb="0"/><line nr="1349" mi="2" ci="0" mb="2" cb="0"/><line nr="1350" mi="4" ci="0" mb="0" cb="0"/><line nr="1352" mi="3" ci="0" mb="0" cb="0"/><line nr="1353" mi="4" ci="0" mb="0" cb="0"/><line nr="1354" mi="0" ci="1" mb="0" cb="0"/><line nr="1356" mi="0" ci="4" mb="0" cb="0"/><line nr="1357" mi="0" ci="4" mb="0" cb="0"/><line nr="1358" mi="0" ci="4" mb="0" cb="0"/><line nr="1359" mi="0" ci="4" mb="0" cb="0"/><line nr="1360" mi="0" ci="4" mb="0" cb="0"/><line nr="1361" mi="0" ci="4" mb="0" cb="0"/><line nr="1362" mi="0" ci="4" mb="0" cb="0"/><line nr="1363" mi="0" ci="4" mb="0" cb="0"/><line nr="1364" mi="0" ci="4" mb="0" cb="0"/><line nr="1365" mi="0" ci="4" mb="0" cb="0"/><line nr="1366" mi="0" ci="4" mb="0" cb="0"/><line nr="1369" mi="3" ci="0" mb="0" cb="0"/><line nr="1373" mi="0" ci="4" mb="0" cb="0"/><line nr="1374" mi="0" ci="16" mb="0" cb="2"/><line nr="1375" mi="0" ci="4" mb="0" cb="0"/><line nr="1376" mi="0" ci="16" mb="0" cb="2"/><line nr="1377" mi="0" ci="8" mb="0" cb="0"/><line nr="1378" mi="0" ci="3" mb="1" cb="1"/><line nr="1379" mi="0" ci="6" mb="0" cb="0"/><line nr="1385" mi="0" ci="2" mb="0" cb="0"/><line nr="1399" mi="0" ci="6" mb="0" cb="0"/><line nr="1418" mi="0" ci="11" mb="0" cb="0"/><line nr="1419" mi="0" ci="6" mb="0" cb="0"/><line nr="1420" mi="0" ci="12" mb="0" cb="0"/><line nr="1422" mi="0" ci="11" mb="1" cb="1"/><line nr="1424" mi="0" ci="10" mb="0" cb="0"/><line nr="1425" mi="0" ci="15" mb="0" cb="0"/><line nr="1426" mi="0" ci="12" mb="0" cb="0"/><line nr="1428" mi="0" ci="7" mb="0" cb="2"/><line nr="1429" mi="0" ci="6" mb="1" cb="1"/><line nr="1430" mi="0" ci="5" mb="1" cb="1"/><line nr="1432" mi="0" ci="8" mb="0" cb="0"/><line nr="1433" mi="0" ci="12" mb="0" cb="0"/><line nr="1434" mi="0" ci="11" mb="0" cb="0"/><line nr="1436" mi="0" ci="7" mb="0" cb="0"/><line nr="1438" mi="0" ci="3" mb="1" cb="1"/><line nr="1439" mi="0" ci="4" mb="0" cb="0"/><line nr="1440" mi="0" ci="7" mb="0" cb="0"/><line nr="1442" mi="5" ci="0" mb="0" cb="0"/><line nr="1444" mi="0" ci="20" mb="0" cb="0"/><line nr="1445" mi="0" ci="4" mb="0" cb="0"/><line nr="1446" mi="0" ci="4" mb="0" cb="0"/><line nr="1447" mi="0" ci="4" mb="0" cb="0"/><line nr="1448" mi="0" ci="3" mb="0" cb="0"/><line nr="1449" mi="0" ci="3" mb="0" cb="0"/><line nr="1451" mi="0" ci="8" mb="0" cb="0"/><line nr="1452" mi="0" ci="8" mb="0" cb="0"/><line nr="1454" mi="0" ci="8" mb="0" cb="0"/><line nr="1455" mi="0" ci="8" mb="0" cb="0"/><line nr="1456" mi="0" ci="3" mb="0" cb="0"/><line nr="1459" mi="0" ci="6" mb="0" cb="0"/><line nr="1460" mi="0" ci="6" mb="0" cb="0"/><line nr="1461" mi="1" ci="0" mb="0" cb="0"/><line nr="1462" mi="11" ci="0" mb="0" cb="0"/><line nr="1463" mi="13" ci="0" mb="0" cb="0"/><line nr="1464" mi="0" ci="1" mb="0" cb="0"/><line nr="1465" mi="0" ci="3" mb="0" cb="0"/><line nr="1467" mi="0" ci="16" mb="0" cb="0"/><line nr="1468" mi="0" ci="4" mb="0" cb="0"/><line nr="1469" mi="0" ci="3" mb="0" cb="0"/><line nr="1470" mi="0" ci="3" mb="1" cb="1"/><line nr="1471" mi="7" ci="0" mb="0" cb="0"/><line nr="1473" mi="4" ci="7" mb="1" cb="1"/><line nr="1474" mi="4" ci="0" mb="0" cb="0"/><line nr="1475" mi="3" ci="0" mb="2" cb="0"/><line nr="1476" mi="5" ci="0" mb="0" cb="0"/><line nr="1478" mi="3" ci="0" mb="2" cb="0"/><line nr="1479" mi="7" ci="0" mb="0" cb="0"/><line nr="1481" mi="3" ci="0" mb="2" cb="0"/><line nr="1482" mi="5" ci="0" mb="0" cb="0"/><line nr="1483" mi="5" ci="0" mb="2" cb="0"/><line nr="1484" mi="16" ci="0" mb="0" cb="0"/><line nr="1486" mi="1" ci="0" mb="0" cb="0"/><line nr="1487" mi="0" ci="3" mb="0" cb="0"/><line nr="1488" mi="0" ci="2" mb="0" cb="0"/><line nr="1490" mi="0" ci="1" mb="0" cb="0"/><line nr="1491" mi="2" ci="0" mb="0" cb="0"/><line nr="1505" mi="0" ci="3" mb="1" cb="1"/><line nr="1506" mi="2" ci="0" mb="0" cb="0"/><line nr="1508" mi="0" ci="6" mb="0" cb="0"/><line nr="1519" mi="0" ci="7" mb="0" cb="0"/><line nr="1520" mi="0" ci="8" mb="0" cb="0"/><line nr="1521" mi="0" ci="3" mb="0" cb="0"/><line nr="1522" mi="0" ci="2" mb="0" cb="0"/><line nr="1534" mi="0" ci="2" mb="0" cb="0"/><line nr="1535" mi="0" ci="5" mb="0" cb="0"/><line nr="1536" mi="0" ci="4" mb="0" cb="0"/><line nr="1538" mi="0" ci="2" mb="0" cb="0"/><line nr="1539" mi="0" ci="1" mb="0" cb="0"/><line nr="1540" mi="0" ci="5" mb="0" cb="0"/><line nr="1541" mi="0" ci="1" mb="0" cb="0"/><line nr="1542" mi="0" ci="5" mb="1" cb="3"/><line nr="1544" mi="0" ci="5" mb="0" cb="0"/><line nr="1545" mi="0" ci="2" mb="1" cb="1"/><line nr="1548" mi="8" ci="0" mb="0" cb="0"/><line nr="1551" mi="0" ci="3" mb="0" cb="0"/><line nr="1552" mi="0" ci="11" mb="0" cb="2"/><line nr="1553" mi="0" ci="13" mb="0" cb="0"/><line nr="1554" mi="0" ci="1" mb="0" cb="0"/><line nr="1555" mi="1" ci="0" mb="0" cb="0"/><line nr="1556" mi="2" ci="0" mb="2" cb="0"/><line nr="1557" mi="6" ci="0" mb="0" cb="0"/><line nr="1559" mi="3" ci="0" mb="0" cb="0"/><line nr="1561" mi="3" ci="0" mb="2" cb="0"/><line nr="1562" mi="6" ci="0" mb="0" cb="0"/><line nr="1564" mi="5" ci="0" mb="0" cb="0"/><line nr="1566" mi="0" ci="1" mb="0" cb="0"/><line nr="1567" mi="0" ci="6" mb="0" cb="0"/><line nr="1568" mi="0" ci="4" mb="0" cb="0"/><line nr="1569" mi="0" ci="5" mb="1" cb="3"/><line nr="1570" mi="0" ci="6" mb="0" cb="0"/><line nr="1573" mi="1" ci="0" mb="0" cb="0"/><line nr="1574" mi="4" ci="0" mb="2" cb="0"/><line nr="1575" mi="5" ci="0" mb="0" cb="0"/><line nr="1577" mi="2" ci="0" mb="0" cb="0"/><line nr="1578" mi="3" ci="0" mb="2" cb="0"/><line nr="1579" mi="6" ci="0" mb="0" cb="0"/><line nr="1581" mi="5" ci="0" mb="0" cb="0"/><line nr="1583" mi="0" ci="3" mb="0" cb="0"/><line nr="1585" mi="0" ci="1" mb="0" cb="0"/><line nr="1598" mi="0" ci="2" mb="0" cb="0"/><line nr="1599" mi="0" ci="2" mb="1" cb="1"/><line nr="1600" mi="0" ci="3" mb="0" cb="0"/><line nr="1602" mi="6" ci="0" mb="0" cb="0"/><line nr="1603" mi="3" ci="0" mb="2" cb="0"/><line nr="1604" mi="3" ci="0" mb="0" cb="0"/><line nr="1607" mi="0" ci="3" mb="1" cb="1"/><line nr="1608" mi="11" ci="0" mb="0" cb="0"/><line nr="1609" mi="3" ci="0" mb="2" cb="0"/><line nr="1610" mi="6" ci="0" mb="0" cb="0"/><line nr="1612" mi="4" ci="0" mb="0" cb="0"/><line nr="1613" mi="4" ci="0" mb="2" cb="0"/><line nr="1614" mi="4" ci="0" mb="0" cb="0"/><line nr="1616" mi="1" ci="0" mb="0" cb="0"/><line nr="1617" mi="0" ci="11" mb="0" cb="0"/><line nr="1618" mi="0" ci="4" mb="1" cb="1"/><line nr="1619" mi="5" ci="0" mb="0" cb="0"/><line nr="1622" mi="0" ci="2" mb="0" cb="0"/><line nr="1641" mi="0" ci="3" mb="0" cb="0"/><line nr="1651" mi="0" ci="3" mb="0" cb="0"/><line nr="1652" mi="0" ci="1" mb="0" cb="0"/><line nr="1660" mi="3" ci="0" mb="0" cb="0"/><line nr="1671" mi="0" ci="2" mb="0" cb="0"/><line nr="1681" mi="0" ci="3" mb="0" cb="0"/><line nr="1682" mi="8" ci="4" mb="5" cb="1"/><line nr="1683" mi="0" ci="2" mb="0" cb="0"/><line nr="1684" mi="4" ci="0" mb="2" cb="0"/><line nr="1685" mi="2" ci="0" mb="0" cb="0"/><line nr="1686" mi="4" ci="0" mb="2" cb="0"/><line nr="1687" mi="2" ci="0" mb="0" cb="0"/><line nr="1688" mi="4" ci="0" mb="2" cb="0"/><line nr="1689" mi="2" ci="0" mb="0" cb="0"/><line nr="1690" mi="4" ci="0" mb="2" cb="0"/><line nr="1691" mi="2" ci="0" mb="0" cb="0"/><line nr="1693" mi="4" ci="0" mb="0" cb="0"/><line nr="1694" mi="2" ci="0" mb="0" cb="0"/><line nr="1705" mi="0" ci="2" mb="0" cb="0"/><line nr="1718" mi="0" ci="2" mb="0" cb="0"/><line nr="1719" mi="0" ci="6" mb="0" cb="0"/><line nr="1728" mi="0" ci="5" mb="0" cb="0"/><line nr="1729" mi="0" ci="2" mb="0" cb="0"/><line nr="1731" mi="0" ci="6" mb="0" cb="0"/><line nr="1732" mi="0" ci="4" mb="0" cb="0"/><line nr="1733" mi="1" ci="0" mb="0" cb="0"/><line nr="1734" mi="4" ci="0" mb="0" cb="0"/><line nr="1735" mi="4" ci="0" mb="2" cb="0"/><line nr="1736" mi="5" ci="0" mb="0" cb="0"/><line nr="1739" mi="0" ci="2" mb="1" cb="1"/><line nr="1741" mi="0" ci="2" mb="0" cb="0"/><line nr="1742" mi="1" ci="0" mb="0" cb="0"/><line nr="1743" mi="4" ci="0" mb="2" cb="0"/><line nr="1744" mi="5" ci="0" mb="0" cb="0"/><line nr="1746" mi="0" ci="1" mb="0" cb="0"/><line nr="1749" mi="0" ci="6" mb="0" cb="0"/><line nr="1750" mi="0" ci="6" mb="0" cb="0"/><line nr="1751" mi="0" ci="6" mb="0" cb="0"/><line nr="1752" mi="0" ci="6" mb="0" cb="0"/><line nr="1753" mi="0" ci="6" mb="0" cb="0"/><line nr="1754" mi="0" ci="6" mb="0" cb="0"/><line nr="1756" mi="0" ci="3" mb="0" cb="0"/><line nr="1757" mi="0" ci="2" mb="1" cb="1"/><line nr="1758" mi="6" ci="0" mb="0" cb="0"/><line nr="1759" mi="7" ci="0" mb="0" cb="0"/><line nr="1760" mi="3" ci="0" mb="0" cb="0"/><line nr="1761" mi="3" ci="0" mb="0" cb="0"/><line nr="1762" mi="5" ci="0" mb="0" cb="0"/><line nr="1763" mi="5" ci="0" mb="0" cb="0"/><line nr="1764" mi="6" ci="0" mb="0" cb="0"/><line nr="1766" mi="0" ci="3" mb="0" cb="0"/><line nr="1767" mi="0" ci="5" mb="0" cb="0"/><line nr="1768" mi="0" ci="7" mb="0" cb="0"/><line nr="1769" mi="0" ci="6" mb="0" cb="0"/><line nr="1770" mi="0" ci="6" mb="0" cb="0"/><line nr="1771" mi="0" ci="6" mb="0" cb="0"/><line nr="1772" mi="0" ci="6" mb="0" cb="0"/><line nr="1773" mi="0" ci="6" mb="0" cb="0"/><line nr="1774" mi="0" ci="6" mb="0" cb="0"/><line nr="1775" mi="0" ci="6" mb="0" cb="0"/><line nr="1776" mi="0" ci="6" mb="0" cb="0"/><line nr="1777" mi="0" ci="6" mb="0" cb="0"/><line nr="1778" mi="0" ci="6" mb="0" cb="0"/><line nr="1779" mi="0" ci="6" mb="0" cb="0"/><line nr="1780" mi="0" ci="6" mb="0" cb="0"/><line nr="1781" mi="0" ci="6" mb="0" cb="0"/><line nr="1782" mi="0" ci="6" mb="0" cb="0"/><line nr="1783" mi="0" ci="6" mb="0" cb="0"/><line nr="1784" mi="0" ci="6" mb="0" cb="0"/><line nr="1786" mi="0" ci="6" mb="0" cb="0"/><line nr="1787" mi="0" ci="6" mb="0" cb="0"/><line nr="1788" mi="0" ci="6" mb="0" cb="0"/><line nr="1789" mi="0" ci="6" mb="0" cb="0"/><line nr="1790" mi="0" ci="5" mb="0" cb="2"/><line nr="1791" mi="0" ci="3" mb="1" cb="1"/><line nr="1792" mi="7" ci="0" mb="0" cb="0"/><line nr="1795" mi="0" ci="6" mb="0" cb="0"/><line nr="1796" mi="0" ci="6" mb="0" cb="0"/><line nr="1798" mi="0" ci="6" mb="0" cb="0"/><line nr="1800" mi="0" ci="6" mb="0" cb="0"/><line nr="1801" mi="0" ci="6" mb="0" cb="0"/><line nr="1802" mi="0" ci="6" mb="0" cb="0"/><line nr="1803" mi="0" ci="6" mb="0" cb="0"/><line nr="1804" mi="0" ci="6" mb="0" cb="0"/><line nr="1805" mi="0" ci="6" mb="0" cb="0"/><line nr="1806" mi="0" ci="6" mb="0" cb="0"/><line nr="1807" mi="0" ci="6" mb="0" cb="0"/><line nr="1808" mi="0" ci="6" mb="0" cb="0"/><line nr="1809" mi="0" ci="6" mb="0" cb="0"/><line nr="1810" mi="0" ci="6" mb="0" cb="0"/><line nr="1811" mi="0" ci="6" mb="0" cb="0"/><line nr="1812" mi="0" ci="6" mb="0" cb="0"/><line nr="1813" mi="0" ci="6" mb="0" cb="0"/><line nr="1814" mi="0" ci="6" mb="0" cb="0"/><line nr="1815" mi="0" ci="6" mb="0" cb="0"/><line nr="1816" mi="0" ci="6" mb="0" cb="0"/><line nr="1817" mi="0" ci="6" mb="0" cb="0"/><line nr="1818" mi="0" ci="6" mb="0" cb="0"/><line nr="1819" mi="0" ci="6" mb="0" cb="0"/><line nr="1820" mi="0" ci="6" mb="0" cb="0"/><line nr="1821" mi="0" ci="6" mb="0" cb="0"/><line nr="1822" mi="0" ci="6" mb="0" cb="0"/><line nr="1824" mi="0" ci="3" mb="1" cb="1"/><line nr="1825" mi="0" ci="7" mb="0" cb="0"/><line nr="1826" mi="0" ci="7" mb="0" cb="0"/><line nr="1830" mi="0" ci="6" mb="0" cb="0"/><line nr="1831" mi="0" ci="6" mb="0" cb="0"/><line nr="1832" mi="0" ci="6" mb="0" cb="0"/><line nr="1834" mi="0" ci="9" mb="3" cb="3"/><line nr="1835" mi="7" ci="0" mb="0" cb="0"/><line nr="1837" mi="0" ci="6" mb="0" cb="0"/><line nr="1838" mi="0" ci="6" mb="0" cb="0"/><line nr="1840" mi="0" ci="6" mb="0" cb="0"/><line nr="1841" mi="0" ci="6" mb="0" cb="0"/><line nr="1842" mi="0" ci="6" mb="0" cb="0"/><line nr="1843" mi="0" ci="6" mb="0" cb="0"/><line nr="1844" mi="0" ci="6" mb="0" cb="0"/><line nr="1845" mi="0" ci="13" mb="0" cb="0"/><line nr="1846" mi="0" ci="7" mb="0" cb="0"/><line nr="1847" mi="0" ci="1" mb="0" cb="0"/><line nr="1859" mi="0" ci="2" mb="1" cb="1"/><line nr="1860" mi="5" ci="0" mb="0" cb="0"/><line nr="1861" mi="2" ci="0" mb="2" cb="0"/><line nr="1862" mi="3" ci="0" mb="0" cb="0"/><line nr="1863" mi="2" ci="0" mb="0" cb="0"/><line nr="1865" mi="4" ci="0" mb="0" cb="0"/><line nr="1866" mi="1" ci="0" mb="0" cb="0"/><line nr="1867" mi="5" ci="0" mb="2" cb="0"/><line nr="1868" mi="7" ci="0" mb="4" cb="0"/><line nr="1870" mi="3" ci="0" mb="0" cb="0"/><line nr="1871" mi="8" ci="0" mb="4" cb="0"/><line nr="1872" mi="15" ci="0" mb="0" cb="0"/><line nr="1874" mi="2" ci="0" mb="0" cb="0"/><line nr="1876" mi="2" ci="0" mb="0" cb="0"/><line nr="1878" mi="1" ci="0" mb="0" cb="0"/><line nr="1879" mi="14" ci="0" mb="0" cb="0"/><line nr="1881" mi="2" ci="0" mb="0" cb="0"/><line nr="1883" mi="1" ci="0" mb="0" cb="0"/><line nr="1884" mi="5" ci="0" mb="0" cb="0"/><line nr="1885" mi="5" ci="0" mb="0" cb="0"/><line nr="1886" mi="1" ci="0" mb="0" cb="0"/><line nr="1887" mi="11" ci="0" mb="0" cb="0"/><line nr="1890" mi="0" ci="1" mb="0" cb="0"/><line nr="1910" mi="4" ci="0" mb="2" cb="0"/><line nr="1911" mi="5" ci="0" mb="0" cb="0"/><line nr="1914" mi="6" ci="0" mb="0" cb="0"/><line nr="1924" mi="0" ci="3" mb="0" cb="0"/><line nr="1925" mi="0" ci="3" mb="0" cb="2"/><line nr="1926" mi="0" ci="2" mb="1" cb="1"/><line nr="1927" mi="9" ci="0" mb="0" cb="0"/><line nr="1929" mi="0" ci="8" mb="0" cb="0"/><line nr="1930" mi="0" ci="8" mb="0" cb="0"/><line nr="1933" mi="0" ci="2" mb="0" cb="0"/><line nr="1941" mi="0" ci="51" mb="0" cb="0"/><line nr="1954" mi="0" ci="16" mb="0" cb="2"/><line nr="1957" mi="0" ci="3" mb="0" cb="0"/><line nr="1958" mi="0" ci="6" mb="0" cb="0"/><line nr="1959" mi="0" ci="3" mb="0" cb="0"/><line nr="1960" mi="0" ci="5" mb="0" cb="0"/><line nr="1961" mi="1" ci="0" mb="0" cb="0"/><line nr="1962" mi="13" ci="0" mb="0" cb="0"/><line nr="1963" mi="0" ci="1" mb="0" cb="0"/><line nr="1965" mi="0" ci="1" mb="0" cb="0"/><line nr="1973" mi="0" ci="3" mb="1" cb="1"/><line nr="1974" mi="0" ci="4" mb="0" cb="0"/><line nr="1975" mi="0" ci="5" mb="2" cb="2"/><line nr="1976" mi="3" ci="0" mb="2" cb="0"/><line nr="1977" mi="10" ci="0" mb="2" cb="0"/><line nr="1978" mi="6" ci="0" mb="2" cb="0"/><line nr="1979" mi="2" ci="0" mb="0" cb="0"/><line nr="1981" mi="2" ci="0" mb="0" cb="0"/><line nr="1983" mi="10" ci="0" mb="2" cb="0"/><line nr="1984" mi="3" ci="0" mb="2" cb="0"/><line nr="1985" mi="2" ci="0" mb="0" cb="0"/><line nr="1987" mi="1" ci="0" mb="0" cb="0"/><line nr="1991" mi="0" ci="2" mb="0" cb="0"/><line nr="2005" mi="0" ci="3" mb="0" cb="0"/><line nr="2014" mi="0" ci="3" mb="0" cb="0"/><line nr="2023" mi="4" ci="10" mb="1" cb="1"/><line nr="2024" mi="0" ci="6" mb="2" cb="2"/><line nr="2025" mi="0" ci="5" mb="0" cb="0"/><line nr="2027" mi="0" ci="2" mb="0" cb="0"/><line nr="2037" mi="0" ci="3" mb="0" cb="2"/><line nr="2038" mi="0" ci="5" mb="0" cb="0"/><line nr="2040" mi="0" ci="3" mb="0" cb="0"/><line nr="2049" mi="0" ci="3" mb="0" cb="0"/><line nr="2058" mi="0" ci="3" mb="0" cb="0"/><line nr="2071" mi="0" ci="4" mb="0" cb="0"/><line nr="2072" mi="0" ci="16" mb="0" cb="2"/><line nr="2073" mi="0" ci="2" mb="0" cb="0"/><line nr="2074" mi="0" ci="11" mb="0" cb="2"/><line nr="2075" mi="0" ci="14" mb="3" cb="3"/><line nr="2076" mi="0" ci="10" mb="1" cb="3"/><line nr="2077" mi="7" ci="2" mb="3" cb="1"/><line nr="2078" mi="2" ci="0" mb="2" cb="0"/><line nr="2079" mi="2" ci="0" mb="0" cb="0"/><line nr="2080" mi="9" ci="0" mb="0" cb="0"/><line nr="2081" mi="6" ci="0" mb="0" cb="0"/><line nr="2083" mi="7" ci="0" mb="0" cb="0"/><line nr="2086" mi="0" ci="1" mb="0" cb="0"/><line nr="2088" mi="0" ci="3" mb="1" cb="1"/><line nr="2090" mi="3" ci="0" mb="2" cb="0"/><line nr="2091" mi="3" ci="0" mb="2" cb="0"/><line nr="2092" mi="9" ci="0" mb="0" cb="0"/><line nr="2093" mi="2" ci="0" mb="0" cb="0"/><line nr="2095" mi="10" ci="0" mb="0" cb="0"/><line nr="2096" mi="7" ci="0" mb="0" cb="0"/><line nr="2099" mi="5" ci="0" mb="0" cb="0"/><line nr="2102" mi="5" ci="0" mb="0" cb="0"/><line nr="2104" mi="0" ci="1" mb="0" cb="0"/><line nr="2114" mi="0" ci="3" mb="1" cb="1"/><line nr="2115" mi="0" ci="4" mb="0" cb="0"/><line nr="2117" mi="0" ci="1" mb="0" cb="0"/><counter type="INSTRUCTION" missed="1042" covered="2102"/><counter type="BRANCH" missed="190" covered="124"/><counter type="LINE" missed="212" covered="414"/><counter type="COMPLEXITY" missed="137" covered="68"/><counter type="METHOD" missed="5" covered="43"/><counter type="CLASS" missed="0" covered="1"/></sourcefile><sourcefile name="FilteringDependencyTransitiveNodeVisitor.java"><line nr="50" mi="0" ci="2" mb="0" cb="0"/><line nr="51" mi="0" ci="3" mb="0" cb="0"/><line nr="52" mi="0" ci="3" mb="0" cb="0"/><line nr="53" mi="0" ci="1" mb="0" cb="0"/><line nr="62" mi="0" ci="5" mb="1" cb="1"/><line nr="63" mi="0" ci="6" mb="0" cb="0"/><line nr="65" mi="2" ci="0" mb="0" cb="0"/><line nr="68" mi="0" ci="2" mb="0" cb="0"/><line nr="78" mi="0" ci="5" mb="1" cb="1"/><line nr="79" mi="0" ci="6" mb="0" cb="0"/><line nr="81" mi="2" ci="0" mb="0" cb="0"/><line nr="84" mi="0" ci="2" mb="0" cb="0"/><line nr="93" mi="3" ci="0" mb="0" cb="0"/><line nr="103" mi="3" ci="0" mb="0" cb="0"/><counter type="INSTRUCTION" missed="10" covered="35"/><counter type="BRANCH" missed="2" covered="2"/><counter type="LINE" missed="4" covered="10"/><counter type="COMPLEXITY" missed="4" covered="3"/><counter type="METHOD" missed="2" covered="3"/><counter type="CLASS" missed="0" covered="1"/></sourcefile><sourcefile name="ArtifactTypeExcluded.java"><line nr="42" mi="0" ci="2" mb="0" cb="0"/><line nr="43" mi="0" ci="3" mb="0" cb="0"/><line nr="44" mi="0" ci="1" mb="0" cb="0"/><line nr="52" mi="0" ci="16" mb="0" cb="6"/><counter type="INSTRUCTION" missed="0" covered="22"/><counter type="BRANCH" missed="0" covered="6"/><counter type="LINE" missed="0" covered="4"/><counter type="COMPLEXITY" missed="0" covered="5"/><counter type="METHOD" missed="0" covered="2"/><counter type="CLASS" missed="0" covered="1"/></sourcefile><sourcefile name="ArtifactScopeExcluded.java"><line nr="60" mi="0" ci="2" mb="0" cb="0"/><line nr="61" mi="0" ci="3" mb="0" cb="0"/><line nr="62" mi="0" ci="3" mb="0" cb="0"/><line nr="63" mi="0" ci="3" mb="0" cb="0"/><line nr="64" mi="0" ci="3" mb="0" cb="0"/><line nr="65" mi="0" ci="1" mb="0" cb="0"/><line nr="77" mi="0" ci="7" mb="1" cb="3"/><line nr="78" mi="0" ci="2" mb="0" cb="0"/><line nr="80" mi="4" ci="3" mb="3" cb="1"/><line nr="81" mi="2" ci="0" mb="0" cb="0"/><line nr="83" mi="0" ci="7" mb="1" cb="3"/><line nr="84" mi="0" ci="2" mb="0" cb="0"/><line nr="86" mi="0" ci="7" mb="0" cb="4"/><line nr="87" mi="0" ci="2" mb="0" cb="0"/><line nr="89" mi="4" ci="6" mb="3" cb="3"/><line nr="90" mi="2" ci="0" mb="0" cb="0"/><line nr="92" mi="0" ci="2" mb="0" cb="0"/><counter type="INSTRUCTION" missed="12" covered="53"/><counter type="BRANCH" missed="8" covered="14"/><counter type="LINE" missed="2" covered="15"/><counter type="COMPLEXITY" missed="6" covered="7"/><counter type="METHOD" missed="0" covered="2"/><counter type="CLASS" missed="0" covered="1"/></sourcefile><sourcefile name="HelpMojo.java"><line nr="29" mi="3" ci="0" mb="0" cb="0"/><line nr="69" mi="4" ci="0" mb="0" cb="0"/><line nr="70" mi="2" ci="0" mb="0" cb="0"/><line nr="73" mi="5" ci="0" mb="0" cb="0"/><line nr="74" mi="2" ci="0" mb="0" cb="0"/><line nr="75" mi="3" ci="0" mb="0" cb="0"/><line nr="76" mi="6" ci="0" mb="0" cb="0"/><line nr="78" mi="1" ci="0" mb="0" cb="0"/><line nr="80" mi="7" ci="0" mb="0" cb="0"/><line nr="82" mi="1" ci="0" mb="0" cb="0"/><line nr="84" mi="7" ci="0" mb="0" cb="0"/><line nr="86" mi="1" ci="0" mb="0" cb="0"/><line nr="88" mi="7" ci="0" mb="0" cb="0"/><line nr="92" mi="2" ci="0" mb="2" cb="0"/><line nr="96" mi="2" ci="0" mb="0" cb="0"/><line nr="98" mi="1" ci="0" mb="0" cb="0"/><line nr="100" mi="7" ci="0" mb="0" cb="0"/><line nr="101" mi="1" ci="0" mb="0" cb="0"/><line nr="112" mi="3" ci="0" mb="2" cb="0"/><line nr="114" mi="4" ci="0" mb="0" cb="0"/><line nr="115" mi="3" ci="0" mb="0" cb="0"/><line nr="117" mi="3" ci="0" mb="2" cb="0"/><line nr="119" mi="4" ci="0" mb="0" cb="0"/><line nr="120" mi="3" ci="0" mb="0" cb="0"/><line nr="123" mi="3" ci="0" mb="0" cb="0"/><line nr="125" mi="4" ci="0" mb="0" cb="0"/><line nr="126" mi="5" ci="0" mb="0" cb="0"/><line nr="129" mi="5" ci="0" mb="0" cb="0"/><line nr="130" mi="5" ci="0" mb="0" cb="0"/><line nr="131" mi="21" ci="0" mb="0" cb="0"/><line nr="132" mi="7" ci="0" mb="4" cb="0"/><line nr="134" mi="15" ci="0" mb="0" cb="0"/><line nr="138" mi="3" ci="0" mb="2" cb="0"/><line nr="140" mi="6" ci="0" mb="0" cb="0"/><line nr="144" mi="5" ci="0" mb="0" cb="0"/><line nr="147" mi="8" ci="0" mb="0" cb="0"/><line nr="148" mi="5" ci="0" mb="0" cb="0"/><line nr="151" mi="5" ci="0" mb="0" cb="0"/><line nr="153" mi="5" ci="0" mb="0" cb="0"/><line nr="155" mi="5" ci="0" mb="0" cb="0"/><line nr="157" mi="7" ci="0" mb="4" cb="0"/><line nr="159" mi="21" ci="0" mb="2" cb="0"/><line nr="160" mi="5" ci="0" mb="0" cb="0"/><line nr="163" mi="10" ci="0" mb="2" cb="0"/><line nr="165" mi="6" ci="0" mb="0" cb="0"/><line nr="166" mi="1" ci="0" mb="0" cb="0"/><line nr="168" mi="4" ci="0" mb="2" cb="0"/><line nr="170" mi="5" ci="0" mb="0" cb="0"/><line nr="172" mi="1" ci="0" mb="0" cb="0"/><line nr="177" mi="9" ci="0" mb="4" cb="0"/><line nr="183" mi="6" ci="0" mb="0" cb="0"/><line nr="189" mi="5" ci="0" mb="0" cb="0"/><line nr="190" mi="3" ci="0" mb="2" cb="0"/><line nr="192" mi="14" ci="0" mb="0" cb="0"/><line nr="194" mi="4" ci="0" mb="2" cb="0"/><line nr="196" mi="14" ci="0" mb="0" cb="0"/><line nr="198" mi="5" ci="0" mb="0" cb="0"/><line nr="203" mi="4" ci="0" mb="0" cb="0"/><line nr="204" mi="3" ci="0" mb="0" cb="0"/><line nr="205" mi="8" ci="0" mb="2" cb="0"/><line nr="207" mi="4" ci="0" mb="0" cb="0"/><line nr="208" mi="5" ci="0" mb="2" cb="0"/><line nr="210" mi="4" ci="0" mb="0" cb="0"/><line nr="213" mi="2" ci="0" mb="0" cb="0"/><line nr="219" mi="5" ci="0" mb="0" cb="0"/><line nr="220" mi="3" ci="0" mb="2" cb="0"/><line nr="222" mi="2" ci="0" mb="0" cb="0"/><line nr="224" mi="4" ci="0" mb="2" cb="0"/><line nr="226" mi="14" ci="0" mb="0" cb="0"/><line nr="228" mi="5" ci="0" mb="0" cb="0"/><line nr="234" mi="5" ci="0" mb="0" cb="0"/><line nr="235" mi="5" ci="0" mb="0" cb="0"/><line nr="236" mi="5" ci="0" mb="0" cb="0"/><line nr="237" mi="12" ci="0" mb="6" cb="0"/><line nr="239" mi="14" ci="0" mb="0" cb="0"/><line nr="240" mi="5" ci="0" mb="0" cb="0"/><line nr="241" mi="6" ci="0" mb="4" cb="0"/><line nr="243" mi="13" ci="0" mb="0" cb="0"/><line nr="244" mi="5" ci="0" mb="4" cb="0"/><line nr="246" mi="5" ci="0" mb="0" cb="0"/><line nr="247" mi="7" ci="0" mb="0" cb="0"/><line nr="250" mi="2" ci="0" mb="2" cb="0"/><line nr="252" mi="6" ci="0" mb="0" cb="0"/><line nr="254" mi="5" ci="0" mb="0" cb="0"/><line nr="256" mi="3" ci="0" mb="2" cb="0"/><line nr="258" mi="5" ci="0" mb="0" cb="0"/><line nr="259" mi="5" ci="0" mb="0" cb="0"/><line nr="260" mi="5" ci="0" mb="0" cb="0"/><line nr="261" mi="5" ci="0" mb="0" cb="0"/><line nr="263" mi="10" ci="0" mb="2" cb="0"/><line nr="265" mi="5" ci="0" mb="0" cb="0"/><line nr="266" mi="1" ci="0" mb="0" cb="0"/><line nr="269" mi="1" ci="0" mb="0" cb="0"/><line nr="274" mi="5" ci="0" mb="0" cb="0"/><line nr="275" mi="5" ci="0" mb="0" cb="0"/><line nr="277" mi="2" ci="0" mb="0" cb="0"/><line nr="278" mi="2" ci="0" mb="2" cb="0"/><line nr="280" mi="6" ci="0" mb="0" cb="0"/><line nr="283" mi="2" ci="0" mb="0" cb="0"/><line nr="284" mi="6" ci="0" mb="4" cb="0"/><line nr="286" mi="13" ci="0" mb="0" cb="0"/><line nr="288" mi="12" ci="0" mb="0" cb="0"/><line nr="289" mi="5" ci="0" mb="0" cb="0"/><line nr="290" mi="6" ci="0" mb="4" cb="0"/><line nr="292" mi="13" ci="0" mb="0" cb="0"/><line nr="293" mi="5" ci="0" mb="0" cb="0"/><line nr="295" mi="5" ci="0" mb="0" cb="0"/><line nr="296" mi="7" ci="0" mb="2" cb="0"/><line nr="298" mi="5" ci="0" mb="0" cb="0"/><line nr="300" mi="6" ci="0" mb="4" cb="0"/><line nr="302" mi="5" ci="0" mb="0" cb="0"/><line nr="303" mi="12" ci="0" mb="0" cb="0"/><line nr="306" mi="5" ci="0" mb="0" cb="0"/><line nr="307" mi="1" ci="0" mb="0" cb="0"/><line nr="320" mi="8" ci="0" mb="0" cb="0"/><line nr="322" mi="7" ci="0" mb="2" cb="0"/><line nr="324" mi="4" ci="0" mb="0" cb="0"/><line nr="327" mi="3" ci="0" mb="0" cb="0"/><line nr="340" mi="16" ci="0" mb="2" cb="0"/><line nr="342" mi="6" ci="0" mb="0" cb="0"/><line nr="343" mi="1" ci="0" mb="0" cb="0"/><line nr="344" mi="1" ci="0" mb="0" cb="0"/><line nr="358" mi="4" ci="0" mb="0" cb="0"/><line nr="360" mi="4" ci="0" mb="0" cb="0"/><line nr="362" mi="4" ci="0" mb="0" cb="0"/><line nr="364" mi="16" ci="0" mb="2" cb="0"/><line nr="366" mi="12" ci="0" mb="0" cb="0"/><line nr="369" mi="2" ci="0" mb="0" cb="0"/><line nr="382" mi="3" ci="0" mb="0" cb="0"/><line nr="383" mi="5" ci="0" mb="0" cb="0"/><line nr="385" mi="4" ci="0" mb="0" cb="0"/><line nr="387" mi="16" ci="0" mb="2" cb="0"/><line nr="389" mi="3" ci="0" mb="2" cb="0"/><line nr="391" mi="7" ci="0" mb="2" cb="0"/><line nr="393" mi="5" ci="0" mb="0" cb="0"/><line nr="394" mi="3" ci="0" mb="0" cb="0"/><line nr="395" mi="9" ci="0" mb="0" cb="0"/><line nr="399" mi="4" ci="0" mb="0" cb="0"/><line nr="403" mi="8" ci="0" mb="2" cb="0"/><line nr="405" mi="4" ci="0" mb="0" cb="0"/><line nr="406" mi="3" ci="0" mb="2" cb="0"/><line nr="408" mi="12" ci="0" mb="0" cb="0"/><line nr="410" mi="3" ci="0" mb="2" cb="0"/><line nr="412" mi="5" ci="0" mb="0" cb="0"/><line nr="416" mi="4" ci="0" mb="0" cb="0"/><line nr="420" mi="5" ci="0" mb="0" cb="0"/><line nr="421" mi="1" ci="0" mb="0" cb="0"/><line nr="431" mi="2" ci="0" mb="0" cb="0"/><line nr="432" mi="13" ci="0" mb="4" cb="0"/><line nr="434" mi="1" ci="0" mb="0" cb="0"/><line nr="436" mi="15" ci="0" mb="4" cb="0"/><line nr="438" mi="5" ci="0" mb="2" cb="0"/><line nr="440" mi="1" ci="0" mb="0" cb="0"/><line nr="441" mi="1" ci="0" mb="0" cb="0"/><line nr="444" mi="2" ci="0" mb="0" cb="0"/><line nr="449" mi="12" ci="0" mb="6" cb="0"/><line nr="450" mi="4" ci="0" mb="2" cb="0"/><line nr="453" mi="8" ci="0" mb="0" cb="0"/><line nr="456" mi="2" ci="0" mb="0" cb="0"/><counter type="INSTRUCTION" missed="893" covered="0"/><counter type="BRANCH" missed="110" covered="0"/><counter type="LINE" missed="159" covered="0"/><counter type="COMPLEXITY" missed="71" covered="0"/><counter type="METHOD" missed="16" covered="0"/><counter type="CLASS" missed="1" covered="0"/></sourcefile><sourcefile name="CheckMojo.java"><line nr="43" mi="0" ci="2" mb="0" cb="0"/><line nr="48" mi="0" ci="4" mb="0" cb="0"/><line nr="60" mi="0" ci="2" mb="0" cb="0"/><line nr="61" mi="0" ci="2" mb="0" cb="0"/><line nr="62" mi="0" ci="12" mb="1" cb="1"/><line nr="63" mi="0" ci="6" mb="1" cb="1"/><line nr="64" mi="0" ci="2" mb="0" cb="0"/><line nr="65" mi="0" ci="1" mb="0" cb="0"/><line nr="67" mi="1" ci="0" mb="0" cb="0"/><line nr="68" mi="0" ci="2" mb="0" cb="0"/><line nr="79" mi="0" ci="3" mb="0" cb="0"/><line nr="91" mi="0" ci="2" mb="0" cb="0"/><line nr="104" mi="0" ci="6" mb="0" cb="0"/><counter type="INSTRUCTION" missed="1" covered="44"/><counter type="BRANCH" missed="2" covered="2"/><counter type="LINE" missed="1" covered="12"/><counter type="COMPLEXITY" missed="2" covered="5"/><counter type="METHOD" missed="0" covered="5"/><counter type="CLASS" missed="0" covered="1"/></sourcefile><sourcefile name="Retirejs.java"><line nr="27" mi="0" ci="3" mb="0" cb="0"/><line nr="47" mi="0" ci="3" mb="0" cb="0"/><line nr="60" mi="0" ci="3" mb="0" cb="0"/><counter type="INSTRUCTION" missed="0" covered="9"/><counter type="LINE" missed="0" covered="3"/><counter type="COMPLEXITY" missed="0" covered="3"/><counter type="METHOD" missed="0" covered="3"/><counter type="CLASS" missed="0" covered="1"/></sourcefile><sourcefile name="UpdateMojo.java"><line nr="47" mi="0" ci="3" mb="0" cb="0"/><line nr="56" mi="2" ci="0" mb="0" cb="0"/><line nr="70" mi="0" ci="5" mb="0" cb="0"/><line nr="72" mi="0" ci="5" mb="1" cb="1"/><line nr="73" mi="5" ci="0" mb="0" cb="0"/><line nr="75" mi="1" ci="0" mb="0" cb="0"/><line nr="76" mi="5" ci="0" mb="0" cb="0"/><line nr="77" mi="0" ci="1" mb="0" cb="0"/><line nr="78" mi="0" ci="2" mb="0" cb="0"/><line nr="79" mi="1" ci="0" mb="0" cb="0"/><line nr="80" mi="4" ci="0" mb="2" cb="0"/><line nr="81" mi="5" ci="0" mb="0" cb="0"/><line nr="83" mi="2" ci="0" mb="0" cb="0"/><line nr="84" mi="3" ci="0" mb="2" cb="0"/><line nr="85" mi="6" ci="0" mb="0" cb="0"/><line nr="87" mi="4" ci="0" mb="0" cb="0"/><line nr="88" mi="1" ci="0" mb="0" cb="0"/><line nr="89" mi="2" ci="0" mb="0" cb="0"/><line nr="90" mi="3" ci="0" mb="2" cb="0"/><line nr="91" mi="6" ci="0" mb="0" cb="0"/><line nr="93" mi="4" ci="0" mb="0" cb="0"/><line nr="94" mi="1" ci="1" mb="0" cb="0"/><line nr="95" mi="0" ci="1" mb="0" cb="0"/><line nr="105" mi="2" ci="0" mb="0" cb="0"/><line nr="117" mi="2" ci="0" mb="0" cb="0"/><line nr="130" mi="5" ci="0" mb="0" cb="0"/><counter type="INSTRUCTION" missed="64" covered="18"/><counter type="BRANCH" missed="7" covered="1"/><counter type="LINE" missed="19" covered="7"/><counter type="COMPLEXITY" missed="8" covered="2"/><counter type="METHOD" missed="4" covered="2"/><counter type="CLASS" missed="0" covered="1"/></sourcefile><sourcefile name="AggregateMojo.java"><line nr="49" mi="0" ci="2" mb="0" cb="0"/><line nr="54" mi="0" ci="4" mb="0" cb="0"/><line nr="67" mi="0" ci="7" mb="0" cb="0"/><line nr="68" mi="0" ci="13" mb="0" cb="2"/><line nr="71" mi="0" ci="6" mb="0" cb="0"/><line nr="72" mi="0" ci="2" mb="1" cb="1"/><line nr="73" mi="2" ci="0" mb="2" cb="0"/><line nr="74" mi="2" ci="0" mb="0" cb="0"/><line nr="76" mi="6" ci="0" mb="0" cb="0"/><line nr="77" mi="3" ci="0" mb="2" cb="0"/><line nr="78" mi="3" ci="0" mb="0" cb="0"/><line nr="79" mi="10" ci="0" mb="0" cb="0"/><line nr="80" mi="3" ci="0" mb="2" cb="0"/><line nr="81" mi="6" ci="0" mb="0" cb="0"/><line nr="83" mi="4" ci="0" mb="0" cb="0"/><line nr="84" mi="4" ci="0" mb="2" cb="0"/><line nr="85" mi="4" ci="0" mb="0" cb="0"/><line nr="89" mi="0" ci="1" mb="0" cb="0"/><line nr="90" mi="0" ci="2" mb="0" cb="0"/><line nr="101" mi="0" ci="2" mb="1" cb="1"/><line nr="102" mi="2" ci="0" mb="0" cb="0"/><line nr="104" mi="0" ci="4" mb="0" cb="0"/><line nr="106" mi="0" ci="4" mb="0" cb="2"/><line nr="107" mi="0" ci="12" mb="0" cb="0"/><line nr="109" mi="0" ci="11" mb="0" cb="2"/><line nr="110" mi="0" ci="11" mb="0" cb="2"/><line nr="112" mi="0" ci="7" mb="0" cb="0"/><line nr="113" mi="0" ci="3" mb="0" cb="0"/><line nr="114" mi="0" ci="10" mb="1" cb="3"/><line nr="115" mi="0" ci="3" mb="0" cb="2"/><line nr="116" mi="0" ci="12" mb="0" cb="0"/><line nr="119" mi="1" ci="0" mb="0" cb="0"/><line nr="120" mi="4" ci="0" mb="2" cb="0"/><line nr="121" mi="5" ci="0" mb="0" cb="0"/><line nr="123" mi="0" ci="1" mb="0" cb="0"/><line nr="124" mi="0" ci="1" mb="0" cb="0"/><line nr="125" mi="0" ci="1" mb="0" cb="0"/><line nr="127" mi="0" ci="3" mb="0" cb="0"/><line nr="128" mi="0" ci="11" mb="0" cb="2"/><line nr="129" mi="0" ci="10" mb="0" cb="4"/><line nr="130" mi="4" ci="4" mb="3" cb="1"/><line nr="131" mi="12" ci="0" mb="0" cb="0"/><line nr="134" mi="0" ci="11" mb="0" cb="2"/><line nr="135" mi="0" ci="11" mb="1" cb="3"/><line nr="136" mi="0" ci="3" mb="0" cb="2"/><line nr="137" mi="0" ci="3" mb="1" cb="1"/><line nr="138" mi="0" ci="12" mb="0" cb="0"/><line nr="140" mi="0" ci="1" mb="0" cb="0"/><line nr="142" mi="0" ci="4" mb="0" cb="0"/><line nr="143" mi="0" ci="10" mb="0" cb="2"/><line nr="144" mi="0" ci="11" mb="0" cb="2"/><line nr="146" mi="0" ci="7" mb="0" cb="0"/><line nr="147" mi="0" ci="3" mb="0" cb="0"/><line nr="148" mi="0" ci="5" mb="0" cb="2"/><line nr="149" mi="0" ci="4" mb="0" cb="0"/><line nr="151" mi="1" ci="0" mb="0" cb="0"/><line nr="152" mi="4" ci="0" mb="2" cb="0"/><line nr="153" mi="5" ci="0" mb="0" cb="0"/><line nr="155" mi="0" ci="1" mb="0" cb="0"/><line nr="156" mi="0" ci="1" mb="0" cb="0"/><line nr="157" mi="0" ci="1" mb="0" cb="0"/><line nr="158" mi="0" ci="10" mb="0" cb="2"/><line nr="159" mi="4" ci="4" mb="3" cb="1"/><line nr="160" mi="12" ci="0" mb="0" cb="0"/><line nr="162" mi="0" ci="1" mb="0" cb="0"/><line nr="163" mi="0" ci="1" mb="0" cb="0"/><line nr="164" mi="0" ci="6" mb="0" cb="4"/><line nr="165" mi="0" ci="4" mb="0" cb="2"/><line nr="166" mi="0" ci="17" mb="0" cb="0"/><line nr="168" mi="0" ci="2" mb="0" cb="0"/><line nr="179" mi="5" ci="0" mb="0" cb="0"/><line nr="184" mi="2" ci="0" mb="0" cb="0"/><line nr="195" mi="3" ci="0" mb="0" cb="0"/><line nr="207" mi="2" ci="0" mb="0" cb="0"/><counter type="INSTRUCTION" missed="113" covered="280"/><counter type="BRANCH" missed="23" covered="45"/><counter type="LINE" missed="24" covered="50"/><counter type="COMPLEXITY" missed="19" covered="22"/><counter type="METHOD" missed="4" covered="3"/><counter type="CLASS" missed="0" covered="1"/></sourcefile><sourcefile name="PurgeMojo.java"><line nr="43" mi="3" ci="0" mb="0" cb="0"/><line nr="52" mi="2" ci="0" mb="0" cb="0"/><line nr="65" mi="2" ci="0" mb="0" cb="0"/><line nr="66" mi="9" ci="0" mb="0" cb="0"/><line nr="67" mi="3" ci="0" mb="0" cb="0"/><line nr="69" mi="3" ci="0" mb="0" cb="0"/><line nr="71" mi="1" ci="0" mb="0" cb="0"/><line nr="81" mi="2" ci="0" mb="0" cb="0"/><line nr="93" mi="2" ci="0" mb="0" cb="0"/><line nr="105" mi="5" ci="0" mb="0" cb="0"/><counter type="INSTRUCTION" missed="32" covered="0"/><counter type="LINE" missed="10" covered="0"/><counter type="COMPLEXITY" missed="6" covered="0"/><counter type="METHOD" missed="6" covered="0"/><counter type="CLASS" missed="1" covered="0"/></sourcefile><counter type="INSTRUCTION" missed="2167" covered="2563"/><counter type="BRANCH" missed="342" covered="194"/><counter type="LINE" missed="431" covered="515"/><counter type="COMPLEXITY" missed="253" covered="115"/><counter type="METHOD" missed="37" covered="63"/><counter type="CLASS" missed="2" covered="8"/></package><counter type="INSTRUCTION" missed="2167" covered="2563"/><counter type="BRANCH" missed="342" covered="194"/><counter type="LINE" missed="431" covered="515"/><counter type="COMPLEXITY" missed="253" covered="115"/><counter type="METHOD" missed="37" covered="63"/><counter type="CLASS" missed="2" covered="8"/></report>